{"C:\\Loventia.app-new\\server\\models\\Message.js": {"path":"C:\\Loventia.app-new\\server\\models\\Message.js","statementMap":{"0":{"start":{"line":4,"column":17},"end":{"line":4,"column":36}},"1":{"start":{"line":7,"column":22},"end":{"line":16,"column":1}},"2":{"start":{"line":20,"column":0},"end":{"line":24,"column":1}},"3":{"start":{"line":21,"column":2},"end":{"line":21,"column":43}},"4":{"start":{"line":23,"column":2},"end":{"line":23,"column":58}},"5":{"start":{"line":26,"column":0},"end":{"line":26,"column":30}}},"fnMap":{},"branchMap":{},"s":{"0":1,"1":1,"2":1,"3":1,"4":1,"5":1},"f":{},"b":{},"_coverageSchema":"1a1c01bbd47fc00a2c39e90264f33305004495a9","hash":"dd3ae9217a2d12ae8d71143154a415cfd02af282"}
,"C:\\Loventia.app-new\\server\\models\\User.js": {"path":"C:\\Loventia.app-new\\server\\models\\User.js","statementMap":{"0":{"start":{"line":4,"column":17},"end":{"line":4,"column":36}},"1":{"start":{"line":5,"column":15},"end":{"line":5,"column":34}},"2":{"start":{"line":8,"column":19},"end":{"line":47,"column":1}},"3":{"start":{"line":52,"column":0},"end":{"line":58,"column":3}},"4":{"start":{"line":53,"column":2},"end":{"line":57,"column":3}},"5":{"start":{"line":54,"column":4},"end":{"line":54,"column":54}},"6":{"start":{"line":56,"column":4},"end":{"line":56,"column":21}},"7":{"start":{"line":67,"column":0},"end":{"line":88,"column":2}},"8":{"start":{"line":68,"column":2},"end":{"line":68,"column":39}},"9":{"start":{"line":68,"column":27},"end":{"line":68,"column":39}},"10":{"start":{"line":70,"column":20},"end":{"line":70,"column":92}},"11":{"start":{"line":71,"column":2},"end":{"line":71,"column":30}},"12":{"start":{"line":71,"column":18},"end":{"line":71,"column":30}},"13":{"start":{"line":73,"column":17},"end":{"line":73,"column":41}},"14":{"start":{"line":74,"column":22},"end":{"line":74,"column":58}},"15":{"start":{"line":76,"column":2},"end":{"line":80,"column":3}},"16":{"start":{"line":77,"column":15},"end":{"line":77,"column":53}},"17":{"start":{"line":78,"column":4},"end":{"line":78,"column":25}},"18":{"start":{"line":78,"column":13},"end":{"line":78,"column":25}},"19":{"start":{"line":79,"column":4},"end":{"line":79,"column":21}},"20":{"start":{"line":83,"column":2},"end":{"line":85,"column":3}},"21":{"start":{"line":84,"column":4},"end":{"line":84,"column":21}},"22":{"start":{"line":87,"column":2},"end":{"line":87,"column":14}},"23":{"start":{"line":93,"column":0},"end":{"line":97,"column":1}},"24":{"start":{"line":94,"column":2},"end":{"line":94,"column":37}},"25":{"start":{"line":96,"column":2},"end":{"line":96,"column":49}},"26":{"start":{"line":99,"column":0},"end":{"line":99,"column":27}}},"fnMap":{"0":{"name":"(anonymous_0)","decl":{"start":{"line":52,"column":29},"end":{"line":52,"column":30}},"loc":{"start":{"line":52,"column":41},"end":{"line":58,"column":1}},"line":52},"1":{"name":"(anonymous_1)","decl":{"start":{"line":67,"column":39},"end":{"line":67,"column":40}},"loc":{"start":{"line":67,"column":72},"end":{"line":88,"column":1}},"line":67}},"branchMap":{"0":{"loc":{"start":{"line":54,"column":11},"end":{"line":54,"column":53}},"type":"cond-expr","locations":[{"start":{"line":54,"column":22},"end":{"line":54,"column":41}},{"start":{"line":54,"column":44},"end":{"line":54,"column":53}}],"line":54},"1":{"loc":{"start":{"line":68,"column":2},"end":{"line":68,"column":39}},"type":"if","locations":[{"start":{"line":68,"column":2},"end":{"line":68,"column":39}},{"start":{},"end":{}}],"line":68},"2":{"loc":{"start":{"line":68,"column":6},"end":{"line":68,"column":25}},"type":"binary-expr","locations":[{"start":{"line":68,"column":6},"end":{"line":68,"column":12}},{"start":{"line":68,"column":16},"end":{"line":68,"column":25}}],"line":68},"3":{"loc":{"start":{"line":71,"column":2},"end":{"line":71,"column":30}},"type":"if","locations":[{"start":{"line":71,"column":2},"end":{"line":71,"column":30}},{"start":{},"end":{}}],"line":71},"4":{"loc":{"start":{"line":73,"column":17},"end":{"line":73,"column":41}},"type":"binary-expr","locations":[{"start":{"line":73,"column":17},"end":{"line":73,"column":35}},{"start":{"line":73,"column":39},"end":{"line":73,"column":41}}],"line":73},"5":{"loc":{"start":{"line":76,"column":2},"end":{"line":80,"column":3}},"type":"if","locations":[{"start":{"line":76,"column":2},"end":{"line":80,"column":3}},{"start":{},"end":{}}],"line":76},"6":{"loc":{"start":{"line":78,"column":4},"end":{"line":78,"column":25}},"type":"if","locations":[{"start":{"line":78,"column":4},"end":{"line":78,"column":25}},{"start":{},"end":{}}],"line":78},"7":{"loc":{"start":{"line":83,"column":2},"end":{"line":85,"column":3}},"type":"if","locations":[{"start":{"line":83,"column":2},"end":{"line":85,"column":3}},{"start":{},"end":{}}],"line":83}},"s":{"0":1,"1":1,"2":1,"3":1,"4":0,"5":0,"6":0,"7":1,"8":0,"9":0,"10":0,"11":0,"12":0,"13":0,"14":0,"15":0,"16":0,"17":0,"18":0,"19":0,"20":0,"21":0,"22":0,"23":1,"24":1,"25":1,"26":1},"f":{"0":0,"1":0},"b":{"0":[0,0],"1":[0,0],"2":[0,0],"3":[0,0],"4":[0,0],"5":[0,0],"6":[0,0],"7":[0,0]},"_coverageSchema":"1a1c01bbd47fc00a2c39e90264f33305004495a9","hash":"3e6a22cb5fa3a19ba980378ff6070faa8c7e93f2"}
,"C:\\Loventia.app-new\\server\\src\\app.js": {"path":"C:\\Loventia.app-new\\server\\src\\app.js","statementMap":{"0":{"start":{"line":2,"column":0},"end":{"line":2,"column":27}},"1":{"start":{"line":3,"column":27},"end":{"line":3,"column":59}},"2":{"start":{"line":6,"column":21},"end":{"line":6,"column":39}},"3":{"start":{"line":7,"column":21},"end":{"line":7,"column":40}},"4":{"start":{"line":10,"column":21},"end":{"line":10,"column":54}},"5":{"start":{"line":13,"column":21},"end":{"line":13,"column":45}},"6":{"start":{"line":14,"column":21},"end":{"line":14,"column":36}},"7":{"start":{"line":17,"column":24},"end":{"line":17,"column":61}},"8":{"start":{"line":21,"column":16},"end":{"line":21,"column":46}},"9":{"start":{"line":25,"column":21},"end":{"line":25,"column":60}},"10":{"start":{"line":26,"column":21},"end":{"line":26,"column":60}},"11":{"start":{"line":30,"column":40},"end":{"line":30,"column":82}},"12":{"start":{"line":31,"column":40},"end":{"line":31,"column":80}},"13":{"start":{"line":37,"column":40},"end":{"line":37,"column":86}},"14":{"start":{"line":42,"column":23},"end":{"line":42,"column":67}},"15":{"start":{"line":43,"column":26},"end":{"line":43,"column":40}},"16":{"start":{"line":45,"column":30},"end":{"line":47,"column":6}},"17":{"start":{"line":50,"column":2},"end":{"line":56,"column":3}},"18":{"start":{"line":51,"column":16},"end":{"line":51,"column":51}},"19":{"start":{"line":52,"column":15},"end":{"line":52,"column":64}},"20":{"start":{"line":53,"column":4},"end":{"line":53,"column":30}},"21":{"start":{"line":55,"column":4},"end":{"line":55,"column":21}},"22":{"start":{"line":62,"column":0},"end":{"line":62,"column":54}},"23":{"start":{"line":63,"column":0},"end":{"line":63,"column":57}},"24":{"start":{"line":66,"column":12},"end":{"line":66,"column":21}},"25":{"start":{"line":70,"column":0},"end":{"line":74,"column":2}},"26":{"start":{"line":79,"column":18},"end":{"line":79,"column":39}},"27":{"start":{"line":80,"column":18},"end":{"line":80,"column":49}},"28":{"start":{"line":82,"column":0},"end":{"line":89,"column":14}},"29":{"start":{"line":83,"column":2},"end":{"line":83,"column":37}},"30":{"start":{"line":84,"column":2},"end":{"line":88,"column":3}},"31":{"start":{"line":85,"column":4},"end":{"line":85,"column":41}},"32":{"start":{"line":87,"column":4},"end":{"line":87,"column":42}},"33":{"start":{"line":91,"column":0},"end":{"line":106,"column":1}},"34":{"start":{"line":92,"column":2},"end":{"line":99,"column":7}},"35":{"start":{"line":96,"column":16},"end":{"line":96,"column":50}},"36":{"start":{"line":98,"column":6},"end":{"line":98,"column":56}},"37":{"start":{"line":101,"column":2},"end":{"line":105,"column":3}},"38":{"start":{"line":102,"column":4},"end":{"line":102,"column":74}},"39":{"start":{"line":103,"column":9},"end":{"line":105,"column":3}},"40":{"start":{"line":104,"column":4},"end":{"line":104,"column":62}},"41":{"start":{"line":110,"column":0},"end":{"line":110,"column":20}},"42":{"start":{"line":111,"column":0},"end":{"line":111,"column":80}},"43":{"start":{"line":111,"column":59},"end":{"line":111,"column":78}},"44":{"start":{"line":112,"column":0},"end":{"line":116,"column":2}},"45":{"start":{"line":115,"column":16},"end":{"line":115,"column":35}},"46":{"start":{"line":119,"column":0},"end":{"line":119,"column":25}},"47":{"start":{"line":122,"column":26},"end":{"line":122,"column":61}},"48":{"start":{"line":123,"column":0},"end":{"line":123,"column":26}},"49":{"start":{"line":124,"column":0},"end":{"line":124,"column":24}},"50":{"start":{"line":125,"column":0},"end":{"line":125,"column":41}},"51":{"start":{"line":125,"column":30},"end":{"line":125,"column":37}},"52":{"start":{"line":127,"column":0},"end":{"line":127,"column":50}},"53":{"start":{"line":131,"column":0},"end":{"line":131,"column":24}},"54":{"start":{"line":132,"column":0},"end":{"line":132,"column":48}},"55":{"start":{"line":135,"column":0},"end":{"line":135,"column":22}},"56":{"start":{"line":136,"column":0},"end":{"line":136,"column":22}},"57":{"start":{"line":139,"column":0},"end":{"line":146,"column":3}},"58":{"start":{"line":140,"column":2},"end":{"line":144,"column":4}},"59":{"start":{"line":145,"column":2},"end":{"line":145,"column":31}},"60":{"start":{"line":149,"column":0},"end":{"line":159,"column":1}},"61":{"start":{"line":151,"column":30},"end":{"line":151,"column":66}},"62":{"start":{"line":152,"column":30},"end":{"line":152,"column":66}},"63":{"start":{"line":155,"column":2},"end":{"line":155,"column":62}},"64":{"start":{"line":156,"column":2},"end":{"line":156,"column":62}},"65":{"start":{"line":158,"column":2},"end":{"line":158,"column":62}},"66":{"start":{"line":162,"column":0},"end":{"line":162,"column":69}},"67":{"start":{"line":166,"column":2},"end":{"line":175,"column":3}},"68":{"start":{"line":167,"column":4},"end":{"line":167,"column":28}},"69":{"start":{"line":169,"column":4},"end":{"line":174,"column":5}},"70":{"start":{"line":170,"column":6},"end":{"line":170,"column":38}},"71":{"start":{"line":172,"column":6},"end":{"line":172,"column":112}},"72":{"start":{"line":173,"column":6},"end":{"line":173,"column":15}},"73":{"start":{"line":180,"column":0},"end":{"line":258,"column":1}},"74":{"start":{"line":181,"column":14},"end":{"line":181,"column":37}},"75":{"start":{"line":182,"column":19},"end":{"line":182,"column":35}},"76":{"start":{"line":184,"column":26},"end":{"line":184,"column":65}},"77":{"start":{"line":185,"column":30},"end":{"line":185,"column":85}},"78":{"start":{"line":187,"column":21},"end":{"line":187,"column":48}},"79":{"start":{"line":187,"column":42},"end":{"line":187,"column":48}},"80":{"start":{"line":190,"column":2},"end":{"line":209,"column":5}},"81":{"start":{"line":191,"column":22},"end":{"line":191,"column":36}},"82":{"start":{"line":192,"column":19},"end":{"line":192,"column":45}},"83":{"start":{"line":193,"column":17},"end":{"line":193,"column":23}},"84":{"start":{"line":195,"column":24},"end":{"line":199,"column":5}},"85":{"start":{"line":200,"column":25},"end":{"line":200,"column":106}},"86":{"start":{"line":202,"column":4},"end":{"line":206,"column":7}},"87":{"start":{"line":208,"column":4},"end":{"line":208,"column":49}},"88":{"start":{"line":212,"column":2},"end":{"line":227,"column":5}},"89":{"start":{"line":213,"column":18},"end":{"line":213,"column":57}},"90":{"start":{"line":214,"column":4},"end":{"line":214,"column":84}},"91":{"start":{"line":214,"column":16},"end":{"line":214,"column":84}},"92":{"start":{"line":216,"column":4},"end":{"line":226,"column":5}},"93":{"start":{"line":217,"column":22},"end":{"line":217,"column":60}},"94":{"start":{"line":218,"column":26},"end":{"line":222,"column":7}},"95":{"start":{"line":223,"column":6},"end":{"line":223,"column":39}},"96":{"start":{"line":225,"column":6},"end":{"line":225,"column":81}},"97":{"start":{"line":230,"column":2},"end":{"line":233,"column":5}},"98":{"start":{"line":231,"column":4},"end":{"line":231,"column":51}},"99":{"start":{"line":232,"column":4},"end":{"line":232,"column":54}},"100":{"start":{"line":235,"column":2},"end":{"line":235,"column":33}},"101":{"start":{"line":239,"column":2},"end":{"line":243,"column":4}},"102":{"start":{"line":245,"column":2},"end":{"line":251,"column":3}},"103":{"start":{"line":246,"column":4},"end":{"line":250,"column":6}},"104":{"start":{"line":253,"column":21},"end":{"line":256,"column":3}},"105":{"start":{"line":257,"column":2},"end":{"line":257,"column":35}},"106":{"start":{"line":262,"column":0},"end":{"line":317,"column":1}},"107":{"start":{"line":263,"column":21},"end":{"line":266,"column":3}},"108":{"start":{"line":267,"column":2},"end":{"line":272,"column":4}},"109":{"start":{"line":274,"column":24},"end":{"line":277,"column":3}},"110":{"start":{"line":278,"column":2},"end":{"line":283,"column":4}},"111":{"start":{"line":285,"column":24},"end":{"line":288,"column":3}},"112":{"start":{"line":289,"column":2},"end":{"line":294,"column":4}},"113":{"start":{"line":296,"column":22},"end":{"line":299,"column":3}},"114":{"start":{"line":300,"column":2},"end":{"line":305,"column":4}},"115":{"start":{"line":307,"column":25},"end":{"line":310,"column":3}},"116":{"start":{"line":311,"column":2},"end":{"line":316,"column":4}},"117":{"start":{"line":321,"column":0},"end":{"line":323,"column":3}},"118":{"start":{"line":322,"column":2},"end":{"line":322,"column":30}},"119":{"start":{"line":326,"column":0},"end":{"line":331,"column":3}},"120":{"start":{"line":327,"column":2},"end":{"line":329,"column":3}},"121":{"start":{"line":328,"column":4},"end":{"line":328,"column":56}},"122":{"start":{"line":330,"column":2},"end":{"line":330,"column":19}},"123":{"start":{"line":334,"column":0},"end":{"line":336,"column":3}},"124":{"start":{"line":335,"column":2},"end":{"line":335,"column":47}},"125":{"start":{"line":339,"column":0},"end":{"line":342,"column":3}},"126":{"start":{"line":340,"column":2},"end":{"line":340,"column":52}},"127":{"start":{"line":341,"column":2},"end":{"line":341,"column":50}},"128":{"start":{"line":346,"column":17},"end":{"line":346,"column":21}},"129":{"start":{"line":347,"column":13},"end":{"line":347,"column":37}},"130":{"start":{"line":349,"column":0},"end":{"line":357,"column":1}},"131":{"start":{"line":350,"column":31},"end":{"line":350,"column":53}},"132":{"start":{"line":351,"column":2},"end":{"line":351,"column":37}},"133":{"start":{"line":352,"column":2},"end":{"line":354,"column":5}},"134":{"start":{"line":353,"column":4},"end":{"line":353,"column":65}},"135":{"start":{"line":356,"column":2},"end":{"line":356,"column":59}},"136":{"start":{"line":360,"column":0},"end":{"line":360,"column":21}}},"fnMap":{"0":{"name":"authenticate","decl":{"start":{"line":49,"column":15},"end":{"line":49,"column":27}},"loc":{"start":{"line":49,"column":44},"end":{"line":57,"column":1}},"line":49},"1":{"name":"(anonymous_1)","decl":{"start":{"line":96,"column":10},"end":{"line":96,"column":11}},"loc":{"start":{"line":96,"column":16},"end":{"line":96,"column":50}},"line":96},"2":{"name":"(anonymous_2)","decl":{"start":{"line":97,"column":11},"end":{"line":97,"column":12}},"loc":{"start":{"line":97,"column":18},"end":{"line":99,"column":5}},"line":97},"3":{"name":"(anonymous_3)","decl":{"start":{"line":111,"column":45},"end":{"line":111,"column":46}},"loc":{"start":{"line":111,"column":59},"end":{"line":111,"column":78}},"line":111},"4":{"name":"(anonymous_4)","decl":{"start":{"line":115,"column":2},"end":{"line":115,"column":3}},"loc":{"start":{"line":115,"column":16},"end":{"line":115,"column":35}},"line":115},"5":{"name":"(anonymous_5)","decl":{"start":{"line":125,"column":8},"end":{"line":125,"column":9}},"loc":{"start":{"line":125,"column":28},"end":{"line":125,"column":39}},"line":125},"6":{"name":"(anonymous_6)","decl":{"start":{"line":139,"column":24},"end":{"line":139,"column":25}},"loc":{"start":{"line":139,"column":44},"end":{"line":146,"column":1}},"line":139},"7":{"name":"tryRequireRoute","decl":{"start":{"line":165,"column":9},"end":{"line":165,"column":24}},"loc":{"start":{"line":165,"column":51},"end":{"line":176,"column":1}},"line":165},"8":{"name":"(anonymous_8)","decl":{"start":{"line":187,"column":21},"end":{"line":187,"column":22}},"loc":{"start":{"line":187,"column":42},"end":{"line":187,"column":48}},"line":187},"9":{"name":"(anonymous_9)","decl":{"start":{"line":190,"column":38},"end":{"line":190,"column":39}},"loc":{"start":{"line":190,"column":52},"end":{"line":209,"column":3}},"line":190},"10":{"name":"(anonymous_10)","decl":{"start":{"line":212,"column":28},"end":{"line":212,"column":29}},"loc":{"start":{"line":212,"column":42},"end":{"line":227,"column":3}},"line":212},"11":{"name":"(anonymous_11)","decl":{"start":{"line":230,"column":27},"end":{"line":230,"column":28}},"loc":{"start":{"line":230,"column":42},"end":{"line":233,"column":3}},"line":230},"12":{"name":"(anonymous_12)","decl":{"start":{"line":321,"column":22},"end":{"line":321,"column":23}},"loc":{"start":{"line":321,"column":36},"end":{"line":323,"column":1}},"line":321},"13":{"name":"(anonymous_13)","decl":{"start":{"line":326,"column":8},"end":{"line":326,"column":9}},"loc":{"start":{"line":326,"column":33},"end":{"line":331,"column":1}},"line":326},"14":{"name":"(anonymous_14)","decl":{"start":{"line":334,"column":8},"end":{"line":334,"column":9}},"loc":{"start":{"line":334,"column":22},"end":{"line":336,"column":1}},"line":334},"15":{"name":"(anonymous_15)","decl":{"start":{"line":339,"column":8},"end":{"line":339,"column":9}},"loc":{"start":{"line":339,"column":33},"end":{"line":342,"column":1}},"line":339},"16":{"name":"(anonymous_16)","decl":{"start":{"line":352,"column":26},"end":{"line":352,"column":27}},"loc":{"start":{"line":352,"column":32},"end":{"line":354,"column":3}},"line":352}},"branchMap":{"0":{"loc":{"start":{"line":52,"column":15},"end":{"line":52,"column":64}},"type":"binary-expr","locations":[{"start":{"line":52,"column":16},"end":{"line":52,"column":19}},{"start":{"line":52,"column":24},"end":{"line":52,"column":35}},{"start":{"line":52,"column":39},"end":{"line":52,"column":55}},{"start":{"line":52,"column":61},"end":{"line":52,"column":64}}],"line":52},"1":{"loc":{"start":{"line":84,"column":2},"end":{"line":88,"column":3}},"type":"if","locations":[{"start":{"line":84,"column":2},"end":{"line":88,"column":3}},{"start":{"line":86,"column":9},"end":{"line":88,"column":3}}],"line":84},"2":{"loc":{"start":{"line":91,"column":0},"end":{"line":106,"column":1}},"type":"if","locations":[{"start":{"line":91,"column":0},"end":{"line":106,"column":1}},{"start":{"line":100,"column":7},"end":{"line":106,"column":1}}],"line":91},"3":{"loc":{"start":{"line":91,"column":4},"end":{"line":91,"column":25}},"type":"binary-expr","locations":[{"start":{"line":91,"column":4},"end":{"line":91,"column":12}},{"start":{"line":91,"column":16},"end":{"line":91,"column":25}}],"line":91},"4":{"loc":{"start":{"line":101,"column":2},"end":{"line":105,"column":3}},"type":"if","locations":[{"start":{"line":101,"column":2},"end":{"line":105,"column":3}},{"start":{"line":103,"column":9},"end":{"line":105,"column":3}}],"line":101},"5":{"loc":{"start":{"line":103,"column":9},"end":{"line":105,"column":3}},"type":"if","locations":[{"start":{"line":103,"column":9},"end":{"line":105,"column":3}},{"start":{},"end":{}}],"line":103},"6":{"loc":{"start":{"line":149,"column":0},"end":{"line":159,"column":1}},"type":"if","locations":[{"start":{"line":149,"column":0},"end":{"line":159,"column":1}},{"start":{"line":157,"column":7},"end":{"line":159,"column":1}}],"line":149},"7":{"loc":{"start":{"line":180,"column":0},"end":{"line":258,"column":1}},"type":"if","locations":[{"start":{"line":180,"column":0},"end":{"line":258,"column":1}},{"start":{"line":237,"column":7},"end":{"line":258,"column":1}}],"line":180},"8":{"loc":{"start":{"line":184,"column":26},"end":{"line":184,"column":65}},"type":"binary-expr","locations":[{"start":{"line":184,"column":26},"end":{"line":184,"column":48}},{"start":{"line":184,"column":52},"end":{"line":184,"column":65}}],"line":184},"9":{"loc":{"start":{"line":185,"column":30},"end":{"line":185,"column":85}},"type":"binary-expr","locations":[{"start":{"line":185,"column":30},"end":{"line":185,"column":60}},{"start":{"line":185,"column":64},"end":{"line":185,"column":85}}],"line":185},"10":{"loc":{"start":{"line":191,"column":22},"end":{"line":191,"column":36}},"type":"binary-expr","locations":[{"start":{"line":191,"column":22},"end":{"line":191,"column":30}},{"start":{"line":191,"column":34},"end":{"line":191,"column":36}}],"line":191},"11":{"loc":{"start":{"line":213,"column":18},"end":{"line":213,"column":57}},"type":"binary-expr","locations":[{"start":{"line":213,"column":18},"end":{"line":213,"column":29}},{"start":{"line":213,"column":33},"end":{"line":213,"column":57}}],"line":213},"12":{"loc":{"start":{"line":214,"column":4},"end":{"line":214,"column":84}},"type":"if","locations":[{"start":{"line":214,"column":4},"end":{"line":214,"column":84}},{"start":{},"end":{}}],"line":214},"13":{"loc":{"start":{"line":219,"column":14},"end":{"line":219,"column":42}},"type":"binary-expr","locations":[{"start":{"line":219,"column":14},"end":{"line":219,"column":28}},{"start":{"line":219,"column":32},"end":{"line":219,"column":42}}],"line":219},"14":{"loc":{"start":{"line":219,"column":52},"end":{"line":219,"column":80}},"type":"binary-expr","locations":[{"start":{"line":219,"column":52},"end":{"line":219,"column":66}},{"start":{"line":219,"column":70},"end":{"line":219,"column":80}}],"line":219},"15":{"loc":{"start":{"line":245,"column":2},"end":{"line":251,"column":3}},"type":"if","locations":[{"start":{"line":245,"column":2},"end":{"line":251,"column":3}},{"start":{},"end":{}}],"line":245},"16":{"loc":{"start":{"line":245,"column":6},"end":{"line":245,"column":47}},"type":"binary-expr","locations":[{"start":{"line":245,"column":6},"end":{"line":245,"column":29}},{"start":{"line":245,"column":33},"end":{"line":245,"column":47}}],"line":245},"17":{"loc":{"start":{"line":262,"column":0},"end":{"line":317,"column":1}},"type":"if","locations":[{"start":{"line":262,"column":0},"end":{"line":317,"column":1}},{"start":{},"end":{}}],"line":262},"18":{"loc":{"start":{"line":327,"column":2},"end":{"line":329,"column":3}},"type":"if","locations":[{"start":{"line":327,"column":2},"end":{"line":329,"column":3}},{"start":{},"end":{}}],"line":327},"19":{"loc":{"start":{"line":327,"column":6},"end":{"line":327,"column":39}},"type":"binary-expr","locations":[{"start":{"line":327,"column":6},"end":{"line":327,"column":9}},{"start":{"line":327,"column":13},"end":{"line":327,"column":39}}],"line":327},"20":{"loc":{"start":{"line":340,"column":16},"end":{"line":340,"column":50}},"type":"cond-expr","locations":[{"start":{"line":340,"column":35},"end":{"line":340,"column":44}},{"start":{"line":340,"column":47},"end":{"line":340,"column":50}}],"line":340},"21":{"loc":{"start":{"line":340,"column":16},"end":{"line":340,"column":32}},"type":"binary-expr","locations":[{"start":{"line":340,"column":16},"end":{"line":340,"column":19}},{"start":{"line":340,"column":23},"end":{"line":340,"column":32}}],"line":340},"22":{"loc":{"start":{"line":347,"column":13},"end":{"line":347,"column":37}},"type":"binary-expr","locations":[{"start":{"line":347,"column":13},"end":{"line":347,"column":29}},{"start":{"line":347,"column":33},"end":{"line":347,"column":37}}],"line":347},"23":{"loc":{"start":{"line":349,"column":0},"end":{"line":357,"column":1}},"type":"if","locations":[{"start":{"line":349,"column":0},"end":{"line":357,"column":1}},{"start":{"line":355,"column":7},"end":{"line":357,"column":1}}],"line":349}},"s":{"0":1,"1":1,"2":1,"3":1,"4":1,"5":1,"6":1,"7":1,"8":1,"9":1,"10":1,"11":1,"12":1,"13":1,"14":1,"15":1,"16":1,"17":0,"18":0,"19":0,"20":0,"21":0,"22":1,"23":1,"24":1,"25":1,"26":1,"27":1,"28":1,"29":1,"30":1,"31":1,"32":0,"33":1,"34":0,"35":0,"36":0,"37":1,"38":1,"39":0,"40":0,"41":1,"42":1,"43":0,"44":1,"45":0,"46":1,"47":1,"48":1,"49":1,"50":1,"51":4,"52":1,"53":1,"54":1,"55":1,"56":1,"57":1,"58":0,"59":0,"60":1,"61":0,"62":0,"63":0,"64":0,"65":1,"66":1,"67":0,"68":0,"69":0,"70":0,"71":0,"72":0,"73":1,"74":1,"75":1,"76":1,"77":1,"78":1,"79":1,"80":1,"81":1,"82":1,"83":1,"84":1,"85":1,"86":1,"87":1,"88":1,"89":1,"90":1,"91":0,"92":1,"93":1,"94":1,"95":1,"96":0,"97":1,"98":1,"99":1,"100":1,"101":0,"102":0,"103":0,"104":0,"105":0,"106":1,"107":0,"108":0,"109":0,"110":0,"111":0,"112":0,"113":0,"114":0,"115":0,"116":0,"117":1,"118":0,"119":1,"120":0,"121":0,"122":0,"123":1,"124":1,"125":1,"126":0,"127":0,"128":1,"129":1,"130":1,"131":0,"132":0,"133":0,"134":0,"135":1,"136":1},"f":{"0":0,"1":0,"2":0,"3":0,"4":0,"5":4,"6":0,"7":0,"8":1,"9":1,"10":1,"11":1,"12":0,"13":0,"14":1,"15":0,"16":0},"b":{"0":[0,0,0,0],"1":[1,0],"2":[0,1],"3":[1,0],"4":[1,0],"5":[0,0],"6":[0,1],"7":[1,0],"8":[1,0],"9":[1,0],"10":[1,0],"11":[1,1],"12":[0,1],"13":[1,0],"14":[1,0],"15":[0,0],"16":[0,0],"17":[0,1],"18":[0,0],"19":[0,0],"20":[0,0],"21":[0,0],"22":[1,1],"23":[0,1]},"_coverageSchema":"1a1c01bbd47fc00a2c39e90264f33305004495a9","hash":"f93af1d8b43847ea4bebee54316de076fcca0454"}
,"C:\\Loventia.app-new\\server\\src\\swagger-config.js": {"path":"C:\\Loventia.app-new\\server\\src\\swagger-config.js","statementMap":{"0":{"start":{"line":1,"column":19},"end":{"line":1,"column":34}},"1":{"start":{"line":2,"column":18},"end":{"line":2,"column":47}},"2":{"start":{"line":3,"column":19},"end":{"line":3,"column":36}},"3":{"start":{"line":6,"column":24},"end":{"line":8,"column":1}},"4":{"start":{"line":11,"column":0},"end":{"line":14,"column":2}}},"fnMap":{},"branchMap":{},"s":{"0":1,"1":1,"2":1,"3":1,"4":1},"f":{},"b":{},"_coverageSchema":"1a1c01bbd47fc00a2c39e90264f33305004495a9","hash":"8a29a3a86cbdcbfc756395e7660be42c91df706e"}
,"C:\\Loventia.app-new\\server\\src\\api\\controllers\\authController.js": {"path":"C:\\Loventia.app-new\\server\\src\\api\\controllers\\authController.js","statementMap":{"0":{"start":{"line":6,"column":13},"end":{"line":6,"column":28}},"1":{"start":{"line":7,"column":12},"end":{"line":7,"column":35}},"2":{"start":{"line":10,"column":26},"end":{"line":10,"column":90}},"3":{"start":{"line":13,"column":13},"end":{"line":13,"column":72}},"4":{"start":{"line":20,"column":2},"end":{"line":56,"column":3}},"5":{"start":{"line":21,"column":32},"end":{"line":21,"column":40}},"6":{"start":{"line":24,"column":17},"end":{"line":24,"column":62}},"7":{"start":{"line":25,"column":4},"end":{"line":27,"column":5}},"8":{"start":{"line":26,"column":6},"end":{"line":26,"column":70}},"9":{"start":{"line":30,"column":24},"end":{"line":34,"column":5}},"10":{"start":{"line":37,"column":25},"end":{"line":41,"column":5}},"11":{"start":{"line":44,"column":4},"end":{"line":44,"column":60}},"12":{"start":{"line":46,"column":4},"end":{"line":53,"column":7}},"13":{"start":{"line":55,"column":4},"end":{"line":55,"column":21}},"14":{"start":{"line":64,"column":2},"end":{"line":98,"column":3}},"15":{"start":{"line":65,"column":18},"end":{"line":65,"column":43}},"16":{"start":{"line":66,"column":4},"end":{"line":68,"column":5}},"17":{"start":{"line":67,"column":6},"end":{"line":67,"column":74}},"18":{"start":{"line":70,"column":4},"end":{"line":95,"column":7}},"19":{"start":{"line":71,"column":6},"end":{"line":73,"column":7}},"20":{"start":{"line":72,"column":8},"end":{"line":72,"column":72}},"21":{"start":{"line":76,"column":29},"end":{"line":80,"column":7}},"22":{"start":{"line":83,"column":6},"end":{"line":92,"column":7}},"23":{"start":{"line":84,"column":31},"end":{"line":88,"column":9}},"24":{"start":{"line":89,"column":8},"end":{"line":89,"column":66}},"25":{"start":{"line":94,"column":6},"end":{"line":94,"column":55}},"26":{"start":{"line":97,"column":4},"end":{"line":97,"column":21}},"27":{"start":{"line":106,"column":2},"end":{"line":106,"column":49}},"28":{"start":{"line":107,"column":2},"end":{"line":107,"column":29}},"29":{"start":{"line":110,"column":0},"end":{"line":114,"column":2}}},"fnMap":{"0":{"name":"login","decl":{"start":{"line":19,"column":15},"end":{"line":19,"column":20}},"loc":{"start":{"line":19,"column":37},"end":{"line":57,"column":1}},"line":19},"1":{"name":"refreshToken","decl":{"start":{"line":63,"column":15},"end":{"line":63,"column":27}},"loc":{"start":{"line":63,"column":44},"end":{"line":99,"column":1}},"line":63},"2":{"name":"(anonymous_2)","decl":{"start":{"line":70,"column":61},"end":{"line":70,"column":62}},"loc":{"start":{"line":70,"column":79},"end":{"line":95,"column":5}},"line":70},"3":{"name":"logout","decl":{"start":{"line":105,"column":9},"end":{"line":105,"column":15}},"loc":{"start":{"line":105,"column":26},"end":{"line":108,"column":1}},"line":105}},"branchMap":{"0":{"loc":{"start":{"line":25,"column":4},"end":{"line":27,"column":5}},"type":"if","locations":[{"start":{"line":25,"column":4},"end":{"line":27,"column":5}},{"start":{},"end":{}}],"line":25},"1":{"loc":{"start":{"line":31,"column":16},"end":{"line":31,"column":49}},"type":"binary-expr","locations":[{"start":{"line":31,"column":16},"end":{"line":31,"column":23}},{"start":{"line":31,"column":27},"end":{"line":31,"column":49}}],"line":31},"2":{"loc":{"start":{"line":38,"column":16},"end":{"line":38,"column":49}},"type":"binary-expr","locations":[{"start":{"line":38,"column":16},"end":{"line":38,"column":23}},{"start":{"line":38,"column":27},"end":{"line":38,"column":49}}],"line":38},"3":{"loc":{"start":{"line":49,"column":12},"end":{"line":49,"column":45}},"type":"binary-expr","locations":[{"start":{"line":49,"column":12},"end":{"line":49,"column":19}},{"start":{"line":49,"column":23},"end":{"line":49,"column":45}}],"line":49},"4":{"loc":{"start":{"line":66,"column":4},"end":{"line":68,"column":5}},"type":"if","locations":[{"start":{"line":66,"column":4},"end":{"line":68,"column":5}},{"start":{},"end":{}}],"line":66},"5":{"loc":{"start":{"line":71,"column":6},"end":{"line":73,"column":7}},"type":"if","locations":[{"start":{"line":71,"column":6},"end":{"line":73,"column":7}},{"start":{},"end":{}}],"line":71}},"s":{"0":1,"1":1,"2":1,"3":1,"4":0,"5":0,"6":0,"7":0,"8":0,"9":0,"10":0,"11":0,"12":0,"13":0,"14":0,"15":0,"16":0,"17":0,"18":0,"19":0,"20":0,"21":0,"22":0,"23":0,"24":0,"25":0,"26":0,"27":0,"28":0,"29":1},"f":{"0":0,"1":0,"2":0,"3":0},"b":{"0":[0,0],"1":[0,0],"2":[0,0],"3":[0,0],"4":[0,0],"5":[0,0]},"_coverageSchema":"1a1c01bbd47fc00a2c39e90264f33305004495a9","hash":"e2ca398343831c37675fb4ca59e16f3ef4558757"}
,"C:\\Loventia.app-new\\server\\src\\config\\corsConfig.js": {"path":"C:\\Loventia.app-new\\server\\src\\config\\corsConfig.js","statementMap":{"0":{"start":{"line":4,"column":13},"end":{"line":4,"column":28}},"1":{"start":{"line":7,"column":18},"end":{"line":10,"column":1}},"2":{"start":{"line":15,"column":20},"end":{"line":28,"column":1}},"3":{"start":{"line":18,"column":4},"end":{"line":20,"column":5}},"4":{"start":{"line":19,"column":6},"end":{"line":19,"column":34}},"5":{"start":{"line":21,"column":4},"end":{"line":21,"column":69}},"6":{"start":{"line":31,"column":0},"end":{"line":31,"column":35}}},"fnMap":{"0":{"name":"(anonymous_0)","decl":{"start":{"line":16,"column":2},"end":{"line":16,"column":3}},"loc":{"start":{"line":16,"column":27},"end":{"line":22,"column":3}},"line":16}},"branchMap":{"0":{"loc":{"start":{"line":8,"column":2},"end":{"line":8,"column":51}},"type":"binary-expr","locations":[{"start":{"line":8,"column":2},"end":{"line":8,"column":24}},{"start":{"line":8,"column":28},"end":{"line":8,"column":51}}],"line":8},"1":{"loc":{"start":{"line":18,"column":4},"end":{"line":20,"column":5}},"type":"if","locations":[{"start":{"line":18,"column":4},"end":{"line":20,"column":5}},{"start":{},"end":{}}],"line":18},"2":{"loc":{"start":{"line":18,"column":8},"end":{"line":18,"column":45}},"type":"binary-expr","locations":[{"start":{"line":18,"column":8},"end":{"line":18,"column":15}},{"start":{"line":18,"column":19},"end":{"line":18,"column":45}}],"line":18}},"s":{"0":1,"1":1,"2":1,"3":4,"4":4,"5":0,"6":1},"f":{"0":4},"b":{"0":[1,1],"1":[4,0],"2":[4,0]},"_coverageSchema":"1a1c01bbd47fc00a2c39e90264f33305004495a9","hash":"de70e12fe5aa0696e4e3edcb88c3ed6774d791c5"}
,"C:\\Loventia.app-new\\server\\src\\middleware\\httpsRedirect.js": {"path":"C:\\Loventia.app-new\\server\\src\\middleware\\httpsRedirect.js","statementMap":{"0":{"start":{"line":13,"column":12},"end":{"line":13,"column":26}},"1":{"start":{"line":15,"column":15},"end":{"line":15,"column":52}},"2":{"start":{"line":18,"column":19},"end":{"line":18,"column":74}},"3":{"start":{"line":20,"column":0},"end":{"line":57,"column":2}},"4":{"start":{"line":21,"column":2},"end":{"line":56,"column":3}},"5":{"start":{"line":22,"column":4},"end":{"line":25,"column":5}},"6":{"start":{"line":24,"column":6},"end":{"line":24,"column":20}},"7":{"start":{"line":28,"column":4},"end":{"line":30,"column":5}},"8":{"start":{"line":29,"column":6},"end":{"line":29,"column":20}},"9":{"start":{"line":33,"column":27},"end":{"line":33,"column":92}},"10":{"start":{"line":34,"column":25},"end":{"line":34,"column":65}},"11":{"start":{"line":36,"column":4},"end":{"line":38,"column":5}},"12":{"start":{"line":37,"column":6},"end":{"line":37,"column":20}},"13":{"start":{"line":41,"column":17},"end":{"line":41,"column":33}},"14":{"start":{"line":43,"column":4},"end":{"line":43,"column":29}},"15":{"start":{"line":43,"column":15},"end":{"line":43,"column":29}},"16":{"start":{"line":45,"column":24},"end":{"line":49,"column":6}},"17":{"start":{"line":52,"column":4},"end":{"line":52,"column":42}},"18":{"start":{"line":55,"column":4},"end":{"line":55,"column":18}}},"fnMap":{"0":{"name":"httpsRedirect","decl":{"start":{"line":20,"column":26},"end":{"line":20,"column":39}},"loc":{"start":{"line":20,"column":56},"end":{"line":57,"column":1}},"line":20}},"branchMap":{"0":{"loc":{"start":{"line":22,"column":4},"end":{"line":25,"column":5}},"type":"if","locations":[{"start":{"line":22,"column":4},"end":{"line":25,"column":5}},{"start":{},"end":{}}],"line":22},"1":{"loc":{"start":{"line":28,"column":4},"end":{"line":30,"column":5}},"type":"if","locations":[{"start":{"line":28,"column":4},"end":{"line":30,"column":5}},{"start":{},"end":{}}],"line":28},"2":{"loc":{"start":{"line":33,"column":28},"end":{"line":33,"column":66}},"type":"binary-expr","locations":[{"start":{"line":33,"column":28},"end":{"line":33,"column":60}},{"start":{"line":33,"column":64},"end":{"line":33,"column":66}}],"line":33},"3":{"loc":{"start":{"line":34,"column":25},"end":{"line":34,"column":65}},"type":"binary-expr","locations":[{"start":{"line":34,"column":25},"end":{"line":34,"column":35}},{"start":{"line":34,"column":39},"end":{"line":34,"column":65}}],"line":34},"4":{"loc":{"start":{"line":36,"column":4},"end":{"line":38,"column":5}},"type":"if","locations":[{"start":{"line":36,"column":4},"end":{"line":38,"column":5}},{"start":{},"end":{}}],"line":36},"5":{"loc":{"start":{"line":43,"column":4},"end":{"line":43,"column":29}},"type":"if","locations":[{"start":{"line":43,"column":4},"end":{"line":43,"column":29}},{"start":{},"end":{}}],"line":43},"6":{"loc":{"start":{"line":48,"column":16},"end":{"line":48,"column":49}},"type":"binary-expr","locations":[{"start":{"line":48,"column":16},"end":{"line":48,"column":31}},{"start":{"line":48,"column":35},"end":{"line":48,"column":42}},{"start":{"line":48,"column":46},"end":{"line":48,"column":49}}],"line":48}},"s":{"0":1,"1":1,"2":1,"3":1,"4":4,"5":4,"6":4,"7":0,"8":0,"9":0,"10":0,"11":0,"12":0,"13":0,"14":0,"15":0,"16":0,"17":0,"18":0},"f":{"0":4},"b":{"0":[4,0],"1":[0,0],"2":[0,0],"3":[0,0],"4":[0,0],"5":[0,0],"6":[0,0,0]},"_coverageSchema":"1a1c01bbd47fc00a2c39e90264f33305004495a9","hash":"26f7287ab13406a2ba83b21b40be6473e643fbaa"}
,"C:\\Loventia.app-new\\server\\src\\middleware\\roleAuthorization.js": {"path":"C:\\Loventia.app-new\\server\\src\\middleware\\roleAuthorization.js","statementMap":{"0":{"start":{"line":7,"column":0},"end":{"line":33,"column":2}},"1":{"start":{"line":10,"column":2},"end":{"line":12,"column":3}},"2":{"start":{"line":11,"column":4},"end":{"line":11,"column":25}},"3":{"start":{"line":15,"column":2},"end":{"line":17,"column":3}},"4":{"start":{"line":16,"column":4},"end":{"line":16,"column":38}},"5":{"start":{"line":16,"column":31},"end":{"line":16,"column":37}},"6":{"start":{"line":19,"column":2},"end":{"line":32,"column":4}},"7":{"start":{"line":20,"column":4},"end":{"line":31,"column":5}},"8":{"start":{"line":21,"column":19},"end":{"line":21,"column":44}},"9":{"start":{"line":22,"column":6},"end":{"line":24,"column":7}},"10":{"start":{"line":23,"column":8},"end":{"line":23,"column":60}},"11":{"start":{"line":25,"column":6},"end":{"line":27,"column":7}},"12":{"start":{"line":26,"column":8},"end":{"line":26,"column":68}},"13":{"start":{"line":28,"column":6},"end":{"line":28,"column":20}},"14":{"start":{"line":30,"column":6},"end":{"line":30,"column":58}}},"fnMap":{"0":{"name":"authorizeRoles","decl":{"start":{"line":7,"column":26},"end":{"line":7,"column":40}},"loc":{"start":{"line":7,"column":53},"end":{"line":33,"column":1}},"line":7},"1":{"name":"(anonymous_1)","decl":{"start":{"line":16,"column":11},"end":{"line":16,"column":12}},"loc":{"start":{"line":16,"column":31},"end":{"line":16,"column":37}},"line":16},"2":{"name":"(anonymous_2)","decl":{"start":{"line":19,"column":9},"end":{"line":19,"column":10}},"loc":{"start":{"line":19,"column":35},"end":{"line":32,"column":3}},"line":19}},"branchMap":{"0":{"loc":{"start":{"line":10,"column":2},"end":{"line":12,"column":3}},"type":"if","locations":[{"start":{"line":10,"column":2},"end":{"line":12,"column":3}},{"start":{},"end":{}}],"line":10},"1":{"loc":{"start":{"line":10,"column":6},"end":{"line":10,"column":55}},"type":"binary-expr","locations":[{"start":{"line":10,"column":6},"end":{"line":10,"column":26}},{"start":{"line":10,"column":30},"end":{"line":10,"column":55}}],"line":10},"2":{"loc":{"start":{"line":15,"column":2},"end":{"line":17,"column":3}},"type":"if","locations":[{"start":{"line":15,"column":2},"end":{"line":17,"column":3}},{"start":{},"end":{}}],"line":15},"3":{"loc":{"start":{"line":21,"column":19},"end":{"line":21,"column":44}},"type":"binary-expr","locations":[{"start":{"line":21,"column":19},"end":{"line":21,"column":27}},{"start":{"line":21,"column":31},"end":{"line":21,"column":44}}],"line":21},"4":{"loc":{"start":{"line":22,"column":6},"end":{"line":24,"column":7}},"type":"if","locations":[{"start":{"line":22,"column":6},"end":{"line":24,"column":7}},{"start":{},"end":{}}],"line":22},"5":{"loc":{"start":{"line":25,"column":6},"end":{"line":27,"column":7}},"type":"if","locations":[{"start":{"line":25,"column":6},"end":{"line":27,"column":7}},{"start":{},"end":{}}],"line":25}},"s":{"0":1,"1":0,"2":0,"3":0,"4":0,"5":0,"6":0,"7":0,"8":0,"9":0,"10":0,"11":0,"12":0,"13":0,"14":0},"f":{"0":0,"1":0,"2":0},"b":{"0":[0,0],"1":[0,0],"2":[0,0],"3":[0,0],"4":[0,0],"5":[0,0]},"_coverageSchema":"1a1c01bbd47fc00a2c39e90264f33305004495a9","hash":"4b46c82af436eb003e3373485d456e4d8c86d48e"}
,"C:\\Loventia.app-new\\server\\src\\middleware\\sqlSanitizer.js": {"path":"C:\\Loventia.app-new\\server\\src\\middleware\\sqlSanitizer.js","statementMap":{"0":{"start":{"line":8,"column":25},"end":{"line":11,"column":1}},"1":{"start":{"line":14,"column":2},"end":{"line":14,"column":42}},"2":{"start":{"line":14,"column":31},"end":{"line":14,"column":42}},"3":{"start":{"line":16,"column":10},"end":{"line":16,"column":13}},"4":{"start":{"line":19,"column":2},"end":{"line":19,"column":59}},"5":{"start":{"line":19,"column":37},"end":{"line":19,"column":59}},"6":{"start":{"line":22,"column":2},"end":{"line":22,"column":27}},"7":{"start":{"line":25,"column":2},"end":{"line":25,"column":51}},"8":{"start":{"line":26,"column":2},"end":{"line":26,"column":55}},"9":{"start":{"line":29,"column":2},"end":{"line":29,"column":34}},"10":{"start":{"line":30,"column":2},"end":{"line":30,"column":41}},"11":{"start":{"line":32,"column":2},"end":{"line":32,"column":11}},"12":{"start":{"line":36,"column":2},"end":{"line":36,"column":30}},"13":{"start":{"line":36,"column":19},"end":{"line":36,"column":30}},"14":{"start":{"line":37,"column":2},"end":{"line":37,"column":56}},"15":{"start":{"line":37,"column":26},"end":{"line":37,"column":56}},"16":{"start":{"line":38,"column":2},"end":{"line":38,"column":58}},"17":{"start":{"line":38,"column":31},"end":{"line":38,"column":58}},"18":{"start":{"line":39,"column":2},"end":{"line":39,"column":35}},"19":{"start":{"line":43,"column":14},"end":{"line":43,"column":42}},"20":{"start":{"line":44,"column":2},"end":{"line":46,"column":3}},"21":{"start":{"line":45,"column":4},"end":{"line":45,"column":39}},"22":{"start":{"line":47,"column":2},"end":{"line":47,"column":13}},"23":{"start":{"line":50,"column":0},"end":{"line":66,"column":2}},"24":{"start":{"line":51,"column":2},"end":{"line":64,"column":3}},"25":{"start":{"line":52,"column":4},"end":{"line":54,"column":5}},"26":{"start":{"line":53,"column":6},"end":{"line":53,"column":42}},"27":{"start":{"line":55,"column":4},"end":{"line":57,"column":5}},"28":{"start":{"line":56,"column":6},"end":{"line":56,"column":44}},"29":{"start":{"line":58,"column":4},"end":{"line":60,"column":5}},"30":{"start":{"line":59,"column":6},"end":{"line":59,"column":46}},"31":{"start":{"line":63,"column":4},"end":{"line":63,"column":82}},"32":{"start":{"line":65,"column":2},"end":{"line":65,"column":9}}},"fnMap":{"0":{"name":"stripDangerousTokens","decl":{"start":{"line":13,"column":9},"end":{"line":13,"column":29}},"loc":{"start":{"line":13,"column":35},"end":{"line":33,"column":1}},"line":13},"1":{"name":"sanitizeValue","decl":{"start":{"line":35,"column":9},"end":{"line":35,"column":22}},"loc":{"start":{"line":35,"column":28},"end":{"line":40,"column":1}},"line":35},"2":{"name":"sanitizeObject","decl":{"start":{"line":42,"column":9},"end":{"line":42,"column":23}},"loc":{"start":{"line":42,"column":29},"end":{"line":48,"column":1}},"line":42},"3":{"name":"sqlSanitizer","decl":{"start":{"line":50,"column":26},"end":{"line":50,"column":38}},"loc":{"start":{"line":50,"column":56},"end":{"line":66,"column":1}},"line":50}},"branchMap":{"0":{"loc":{"start":{"line":14,"column":2},"end":{"line":14,"column":42}},"type":"if","locations":[{"start":{"line":14,"column":2},"end":{"line":14,"column":42}},{"start":{},"end":{}}],"line":14},"1":{"loc":{"start":{"line":36,"column":2},"end":{"line":36,"column":30}},"type":"if","locations":[{"start":{"line":36,"column":2},"end":{"line":36,"column":30}},{"start":{},"end":{}}],"line":36},"2":{"loc":{"start":{"line":37,"column":2},"end":{"line":37,"column":56}},"type":"if","locations":[{"start":{"line":37,"column":2},"end":{"line":37,"column":56}},{"start":{},"end":{}}],"line":37},"3":{"loc":{"start":{"line":38,"column":2},"end":{"line":38,"column":58}},"type":"if","locations":[{"start":{"line":38,"column":2},"end":{"line":38,"column":58}},{"start":{},"end":{}}],"line":38},"4":{"loc":{"start":{"line":43,"column":14},"end":{"line":43,"column":42}},"type":"cond-expr","locations":[{"start":{"line":43,"column":35},"end":{"line":43,"column":37}},{"start":{"line":43,"column":40},"end":{"line":43,"column":42}}],"line":43},"5":{"loc":{"start":{"line":52,"column":4},"end":{"line":54,"column":5}},"type":"if","locations":[{"start":{"line":52,"column":4},"end":{"line":54,"column":5}},{"start":{},"end":{}}],"line":52},"6":{"loc":{"start":{"line":52,"column":8},"end":{"line":52,"column":48}},"type":"binary-expr","locations":[{"start":{"line":52,"column":8},"end":{"line":52,"column":16}},{"start":{"line":52,"column":20},"end":{"line":52,"column":48}}],"line":52},"7":{"loc":{"start":{"line":55,"column":4},"end":{"line":57,"column":5}},"type":"if","locations":[{"start":{"line":55,"column":4},"end":{"line":57,"column":5}},{"start":{},"end":{}}],"line":55},"8":{"loc":{"start":{"line":55,"column":8},"end":{"line":55,"column":50}},"type":"binary-expr","locations":[{"start":{"line":55,"column":8},"end":{"line":55,"column":17}},{"start":{"line":55,"column":21},"end":{"line":55,"column":50}}],"line":55},"9":{"loc":{"start":{"line":58,"column":4},"end":{"line":60,"column":5}},"type":"if","locations":[{"start":{"line":58,"column":4},"end":{"line":60,"column":5}},{"start":{},"end":{}}],"line":58},"10":{"loc":{"start":{"line":58,"column":8},"end":{"line":58,"column":52}},"type":"binary-expr","locations":[{"start":{"line":58,"column":8},"end":{"line":58,"column":18}},{"start":{"line":58,"column":22},"end":{"line":58,"column":52}}],"line":58},"11":{"loc":{"start":{"line":63,"column":42},"end":{"line":63,"column":80}},"type":"cond-expr","locations":[{"start":{"line":63,"column":63},"end":{"line":63,"column":74}},{"start":{"line":63,"column":77},"end":{"line":63,"column":80}}],"line":63},"12":{"loc":{"start":{"line":63,"column":42},"end":{"line":63,"column":60}},"type":"binary-expr","locations":[{"start":{"line":63,"column":42},"end":{"line":63,"column":45}},{"start":{"line":63,"column":49},"end":{"line":63,"column":60}}],"line":63}},"s":{"0":1,"1":2,"2":0,"3":2,"4":2,"5":4,"6":2,"7":2,"8":2,"9":2,"10":2,"11":2,"12":2,"13":0,"14":2,"15":0,"16":2,"17":0,"18":2,"19":12,"20":12,"21":2,"22":12,"23":1,"24":4,"25":4,"26":4,"27":4,"28":4,"29":4,"30":4,"31":0,"32":4},"f":{"0":2,"1":2,"2":12,"3":4},"b":{"0":[0,2],"1":[0,2],"2":[0,2],"3":[0,2],"4":[0,12],"5":[4,0],"6":[4,4],"7":[4,0],"8":[4,4],"9":[4,0],"10":[4,4],"11":[0,0],"12":[0,0]},"_coverageSchema":"1a1c01bbd47fc00a2c39e90264f33305004495a9","hash":"155ef7dffc531a33f2da7efd9061291e84dd46c5"}
,"C:\\Loventia.app-new\\server\\src\\middleware\\validateRequest.js": {"path":"C:\\Loventia.app-new\\server\\src\\middleware\\validateRequest.js","statementMap":{"0":{"start":{"line":13,"column":2},"end":{"line":39,"column":4}},"1":{"start":{"line":14,"column":4},"end":{"line":38,"column":5}},"2":{"start":{"line":15,"column":6},"end":{"line":19,"column":7}},"3":{"start":{"line":18,"column":8},"end":{"line":18,"column":22}},"4":{"start":{"line":20,"column":21},"end":{"line":20,"column":46}},"5":{"start":{"line":21,"column":6},"end":{"line":29,"column":7}},"6":{"start":{"line":22,"column":24},"end":{"line":24,"column":32}},"7":{"start":{"line":23,"column":44},"end":{"line":23,"column":99}},"8":{"start":{"line":25,"column":8},"end":{"line":28,"column":11}},"9":{"start":{"line":31,"column":6},"end":{"line":33,"column":7}},"10":{"start":{"line":32,"column":8},"end":{"line":32,"column":32}},"11":{"start":{"line":34,"column":6},"end":{"line":34,"column":20}},"12":{"start":{"line":37,"column":6},"end":{"line":37,"column":65}},"13":{"start":{"line":42,"column":0},"end":{"line":42,"column":34}}},"fnMap":{"0":{"name":"validateBody","decl":{"start":{"line":12,"column":9},"end":{"line":12,"column":21}},"loc":{"start":{"line":12,"column":30},"end":{"line":40,"column":1}},"line":12},"1":{"name":"(anonymous_1)","decl":{"start":{"line":13,"column":9},"end":{"line":13,"column":10}},"loc":{"start":{"line":13,"column":35},"end":{"line":39,"column":3}},"line":13},"2":{"name":"(anonymous_2)","decl":{"start":{"line":23,"column":37},"end":{"line":23,"column":38}},"loc":{"start":{"line":23,"column":44},"end":{"line":23,"column":99}},"line":23}},"branchMap":{"0":{"loc":{"start":{"line":15,"column":6},"end":{"line":19,"column":7}},"type":"if","locations":[{"start":{"line":15,"column":6},"end":{"line":19,"column":7}},{"start":{},"end":{}}],"line":15},"1":{"loc":{"start":{"line":15,"column":10},"end":{"line":15,"column":58}},"type":"binary-expr","locations":[{"start":{"line":15,"column":10},"end":{"line":15,"column":17}},{"start":{"line":15,"column":21},"end":{"line":15,"column":58}}],"line":15},"2":{"loc":{"start":{"line":21,"column":6},"end":{"line":29,"column":7}},"type":"if","locations":[{"start":{"line":21,"column":6},"end":{"line":29,"column":7}},{"start":{},"end":{}}],"line":21},"3":{"loc":{"start":{"line":21,"column":10},"end":{"line":21,"column":32}},"type":"binary-expr","locations":[{"start":{"line":21,"column":10},"end":{"line":21,"column":16}},{"start":{"line":21,"column":20},"end":{"line":21,"column":32}}],"line":21},"4":{"loc":{"start":{"line":22,"column":24},"end":{"line":24,"column":32}},"type":"cond-expr","locations":[{"start":{"line":23,"column":12},"end":{"line":23,"column":100}},{"start":{"line":24,"column":12},"end":{"line":24,"column":32}}],"line":22},"5":{"loc":{"start":{"line":23,"column":44},"end":{"line":23,"column":99}},"type":"cond-expr","locations":[{"start":{"line":23,"column":61},"end":{"line":23,"column":78}},{"start":{"line":23,"column":81},"end":{"line":23,"column":99}}],"line":23},"6":{"loc":{"start":{"line":23,"column":44},"end":{"line":23,"column":58}},"type":"binary-expr","locations":[{"start":{"line":23,"column":44},"end":{"line":23,"column":45}},{"start":{"line":23,"column":49},"end":{"line":23,"column":58}}],"line":23},"7":{"loc":{"start":{"line":31,"column":6},"end":{"line":33,"column":7}},"type":"if","locations":[{"start":{"line":31,"column":6},"end":{"line":33,"column":7}},{"start":{},"end":{}}],"line":31},"8":{"loc":{"start":{"line":31,"column":10},"end":{"line":31,"column":46}},"type":"binary-expr","locations":[{"start":{"line":31,"column":10},"end":{"line":31,"column":16}},{"start":{"line":31,"column":20},"end":{"line":31,"column":46}}],"line":31}},"s":{"0":0,"1":0,"2":0,"3":0,"4":0,"5":0,"6":0,"7":0,"8":0,"9":0,"10":0,"11":0,"12":0,"13":1},"f":{"0":0,"1":0,"2":0},"b":{"0":[0,0],"1":[0,0],"2":[0,0],"3":[0,0],"4":[0,0],"5":[0,0],"6":[0,0],"7":[0,0],"8":[0,0]},"_coverageSchema":"1a1c01bbd47fc00a2c39e90264f33305004495a9","hash":"fdae8f3333af95f535e252ff71e492a63d141d4c"}
,"C:\\Loventia.app-new\\server\\src\\middleware\\xssSanitizer.js": {"path":"C:\\Loventia.app-new\\server\\src\\middleware\\xssSanitizer.js","statementMap":{"0":{"start":{"line":9,"column":2},"end":{"line":9,"column":46}},"1":{"start":{"line":9,"column":33},"end":{"line":9,"column":46}},"2":{"start":{"line":12,"column":10},"end":{"line":12,"column":76}},"3":{"start":{"line":15,"column":2},"end":{"line":15,"column":54}},"4":{"start":{"line":18,"column":2},"end":{"line":18,"column":42}},"5":{"start":{"line":19,"column":2},"end":{"line":19,"column":36}},"6":{"start":{"line":22,"column":2},"end":{"line":22,"column":29}},"7":{"start":{"line":24,"column":2},"end":{"line":24,"column":11}},"8":{"start":{"line":28,"column":2},"end":{"line":28,"column":30}},"9":{"start":{"line":28,"column":19},"end":{"line":28,"column":30}},"10":{"start":{"line":29,"column":2},"end":{"line":29,"column":56}},"11":{"start":{"line":29,"column":26},"end":{"line":29,"column":56}},"12":{"start":{"line":30,"column":2},"end":{"line":30,"column":58}},"13":{"start":{"line":30,"column":31},"end":{"line":30,"column":58}},"14":{"start":{"line":31,"column":2},"end":{"line":31,"column":29}},"15":{"start":{"line":35,"column":14},"end":{"line":35,"column":42}},"16":{"start":{"line":36,"column":2},"end":{"line":38,"column":3}},"17":{"start":{"line":37,"column":4},"end":{"line":37,"column":39}},"18":{"start":{"line":39,"column":2},"end":{"line":39,"column":13}},"19":{"start":{"line":42,"column":0},"end":{"line":59,"column":2}},"20":{"start":{"line":43,"column":2},"end":{"line":57,"column":3}},"21":{"start":{"line":44,"column":4},"end":{"line":46,"column":5}},"22":{"start":{"line":45,"column":6},"end":{"line":45,"column":42}},"23":{"start":{"line":47,"column":4},"end":{"line":49,"column":5}},"24":{"start":{"line":48,"column":6},"end":{"line":48,"column":44}},"25":{"start":{"line":50,"column":4},"end":{"line":52,"column":5}},"26":{"start":{"line":51,"column":6},"end":{"line":51,"column":46}},"27":{"start":{"line":56,"column":4},"end":{"line":56,"column":82}},"28":{"start":{"line":58,"column":2},"end":{"line":58,"column":9}}},"fnMap":{"0":{"name":"sanitizeString","decl":{"start":{"line":8,"column":9},"end":{"line":8,"column":23}},"loc":{"start":{"line":8,"column":31},"end":{"line":25,"column":1}},"line":8},"1":{"name":"sanitizeValue","decl":{"start":{"line":27,"column":9},"end":{"line":27,"column":22}},"loc":{"start":{"line":27,"column":28},"end":{"line":32,"column":1}},"line":27},"2":{"name":"sanitizeObject","decl":{"start":{"line":34,"column":9},"end":{"line":34,"column":23}},"loc":{"start":{"line":34,"column":29},"end":{"line":40,"column":1}},"line":34},"3":{"name":"xssSanitizer","decl":{"start":{"line":42,"column":26},"end":{"line":42,"column":38}},"loc":{"start":{"line":42,"column":56},"end":{"line":59,"column":1}},"line":42}},"branchMap":{"0":{"loc":{"start":{"line":9,"column":2},"end":{"line":9,"column":46}},"type":"if","locations":[{"start":{"line":9,"column":2},"end":{"line":9,"column":46}},{"start":{},"end":{}}],"line":9},"1":{"loc":{"start":{"line":28,"column":2},"end":{"line":28,"column":30}},"type":"if","locations":[{"start":{"line":28,"column":2},"end":{"line":28,"column":30}},{"start":{},"end":{}}],"line":28},"2":{"loc":{"start":{"line":29,"column":2},"end":{"line":29,"column":56}},"type":"if","locations":[{"start":{"line":29,"column":2},"end":{"line":29,"column":56}},{"start":{},"end":{}}],"line":29},"3":{"loc":{"start":{"line":30,"column":2},"end":{"line":30,"column":58}},"type":"if","locations":[{"start":{"line":30,"column":2},"end":{"line":30,"column":58}},{"start":{},"end":{}}],"line":30},"4":{"loc":{"start":{"line":35,"column":14},"end":{"line":35,"column":42}},"type":"cond-expr","locations":[{"start":{"line":35,"column":35},"end":{"line":35,"column":37}},{"start":{"line":35,"column":40},"end":{"line":35,"column":42}}],"line":35},"5":{"loc":{"start":{"line":44,"column":4},"end":{"line":46,"column":5}},"type":"if","locations":[{"start":{"line":44,"column":4},"end":{"line":46,"column":5}},{"start":{},"end":{}}],"line":44},"6":{"loc":{"start":{"line":44,"column":8},"end":{"line":44,"column":48}},"type":"binary-expr","locations":[{"start":{"line":44,"column":8},"end":{"line":44,"column":16}},{"start":{"line":44,"column":20},"end":{"line":44,"column":48}}],"line":44},"7":{"loc":{"start":{"line":47,"column":4},"end":{"line":49,"column":5}},"type":"if","locations":[{"start":{"line":47,"column":4},"end":{"line":49,"column":5}},{"start":{},"end":{}}],"line":47},"8":{"loc":{"start":{"line":47,"column":8},"end":{"line":47,"column":50}},"type":"binary-expr","locations":[{"start":{"line":47,"column":8},"end":{"line":47,"column":17}},{"start":{"line":47,"column":21},"end":{"line":47,"column":50}}],"line":47},"9":{"loc":{"start":{"line":50,"column":4},"end":{"line":52,"column":5}},"type":"if","locations":[{"start":{"line":50,"column":4},"end":{"line":52,"column":5}},{"start":{},"end":{}}],"line":50},"10":{"loc":{"start":{"line":50,"column":8},"end":{"line":50,"column":52}},"type":"binary-expr","locations":[{"start":{"line":50,"column":8},"end":{"line":50,"column":18}},{"start":{"line":50,"column":22},"end":{"line":50,"column":52}}],"line":50},"11":{"loc":{"start":{"line":56,"column":42},"end":{"line":56,"column":80}},"type":"cond-expr","locations":[{"start":{"line":56,"column":63},"end":{"line":56,"column":74}},{"start":{"line":56,"column":77},"end":{"line":56,"column":80}}],"line":56},"12":{"loc":{"start":{"line":56,"column":42},"end":{"line":56,"column":60}},"type":"binary-expr","locations":[{"start":{"line":56,"column":42},"end":{"line":56,"column":45}},{"start":{"line":56,"column":49},"end":{"line":56,"column":60}}],"line":56}},"s":{"0":2,"1":0,"2":2,"3":2,"4":2,"5":2,"6":2,"7":2,"8":2,"9":0,"10":2,"11":0,"12":2,"13":0,"14":2,"15":12,"16":12,"17":2,"18":12,"19":1,"20":4,"21":4,"22":4,"23":4,"24":4,"25":4,"26":4,"27":0,"28":4},"f":{"0":2,"1":2,"2":12,"3":4},"b":{"0":[0,2],"1":[0,2],"2":[0,2],"3":[0,2],"4":[0,12],"5":[4,0],"6":[4,4],"7":[4,0],"8":[4,4],"9":[4,0],"10":[4,4],"11":[0,0],"12":[0,0]},"_coverageSchema":"1a1c01bbd47fc00a2c39e90264f33305004495a9","hash":"75958e8d9f4acb23828c883b161eb89c46c923df"}
,"C:\\Loventia.app-new\\server\\src\\utils\\alertRules.js": {"path":"C:\\Loventia.app-new\\server\\src\\utils\\alertRules.js","statementMap":{"0":{"start":{"line":4,"column":14},"end":{"line":4,"column":30}},"1":{"start":{"line":5,"column":19},"end":{"line":5,"column":40}},"2":{"start":{"line":14,"column":4},"end":{"line":14,"column":15}},"3":{"start":{"line":22,"column":2},"end":{"line":22,"column":33}},"4":{"start":{"line":22,"column":26},"end":{"line":22,"column":33}},"5":{"start":{"line":23,"column":2},"end":{"line":27,"column":3}},"6":{"start":{"line":24,"column":4},"end":{"line":24,"column":59}},"7":{"start":{"line":26,"column":4},"end":{"line":26,"column":68}},"8":{"start":{"line":33,"column":24},"end":{"line":38,"column":2}},"9":{"start":{"line":46,"column":2},"end":{"line":46,"column":26}},"10":{"start":{"line":46,"column":19},"end":{"line":46,"column":26}},"11":{"start":{"line":47,"column":2},"end":{"line":56,"column":3}},"12":{"start":{"line":48,"column":4},"end":{"line":53,"column":7}},"13":{"start":{"line":50,"column":45},"end":{"line":50,"column":53}},"14":{"start":{"line":55,"column":4},"end":{"line":55,"column":68}},"15":{"start":{"line":66,"column":2},"end":{"line":71,"column":3}},"16":{"start":{"line":67,"column":16},"end":{"line":67,"column":79}},"17":{"start":{"line":68,"column":4},"end":{"line":68,"column":38}},"18":{"start":{"line":69,"column":4},"end":{"line":69,"column":37}},"19":{"start":{"line":70,"column":4},"end":{"line":70,"column":60}},"20":{"start":{"line":75,"column":0},"end":{"line":79,"column":2}}},"fnMap":{"0":{"name":"sendSlackNotification","decl":{"start":{"line":21,"column":15},"end":{"line":21,"column":36}},"loc":{"start":{"line":21,"column":46},"end":{"line":28,"column":1}},"line":21},"1":{"name":"sendEmailNotification","decl":{"start":{"line":45,"column":15},"end":{"line":45,"column":36}},"loc":{"start":{"line":45,"column":55},"end":{"line":57,"column":1}},"line":45},"2":{"name":"(anonymous_2)","decl":{"start":{"line":50,"column":40},"end":{"line":50,"column":41}},"loc":{"start":{"line":50,"column":45},"end":{"line":50,"column":53}},"line":50},"3":{"name":"checkThreshold","decl":{"start":{"line":65,"column":15},"end":{"line":65,"column":29}},"loc":{"start":{"line":65,"column":67},"end":{"line":72,"column":1}},"line":65}},"branchMap":{"0":{"loc":{"start":{"line":22,"column":2},"end":{"line":22,"column":33}},"type":"if","locations":[{"start":{"line":22,"column":2},"end":{"line":22,"column":33}},{"start":{},"end":{}}],"line":22},"1":{"loc":{"start":{"line":46,"column":2},"end":{"line":46,"column":26}},"type":"if","locations":[{"start":{"line":46,"column":2},"end":{"line":46,"column":26}},{"start":{},"end":{}}],"line":46},"2":{"loc":{"start":{"line":66,"column":2},"end":{"line":71,"column":3}},"type":"if","locations":[{"start":{"line":66,"column":2},"end":{"line":71,"column":3}},{"start":{},"end":{}}],"line":66}},"s":{"0":1,"1":1,"2":1,"3":0,"4":0,"5":0,"6":0,"7":0,"8":1,"9":0,"10":0,"11":0,"12":0,"13":0,"14":0,"15":0,"16":0,"17":0,"18":0,"19":0,"20":1},"f":{"0":0,"1":0,"2":0,"3":0},"b":{"0":[0,0],"1":[0,0],"2":[0,0]},"_coverageSchema":"1a1c01bbd47fc00a2c39e90264f33305004495a9","hash":"cd7127134ea11090414a79ce97c0ff3369d5612e"}
,"C:\\Loventia.app-new\\server\\src\\utils\\cookieOptions.js": {"path":"C:\\Loventia.app-new\\server\\src\\utils\\cookieOptions.js","statementMap":{"0":{"start":{"line":10,"column":15},"end":{"line":10,"column":52}},"1":{"start":{"line":11,"column":22},"end":{"line":11,"column":60}},"2":{"start":{"line":17,"column":22},"end":{"line":23,"column":1}},"3":{"start":{"line":25,"column":0},"end":{"line":25,"column":35}}},"fnMap":{},"branchMap":{"0":{"loc":{"start":{"line":11,"column":22},"end":{"line":11,"column":60}},"type":"binary-expr","locations":[{"start":{"line":11,"column":22},"end":{"line":11,"column":47}},{"start":{"line":11,"column":51},"end":{"line":11,"column":60}}],"line":11},"1":{"loc":{"start":{"line":20,"column":12},"end":{"line":20,"column":35}},"type":"cond-expr","locations":[{"start":{"line":20,"column":21},"end":{"line":20,"column":27}},{"start":{"line":20,"column":30},"end":{"line":20,"column":35}}],"line":20},"2":{"loc":{"start":{"line":22,"column":6},"end":{"line":22,"column":52}},"type":"cond-expr","locations":[{"start":{"line":22,"column":22},"end":{"line":22,"column":47}},{"start":{"line":22,"column":50},"end":{"line":22,"column":52}}],"line":22}},"s":{"0":1,"1":1,"2":1,"3":1},"f":{},"b":{"0":[1,1],"1":[0,1],"2":[0,1]},"_coverageSchema":"1a1c01bbd47fc00a2c39e90264f33305004495a9","hash":"1cfd4d61164a91ef1c7ecec1cde01cc23acf6d6c"}
,"C:\\Loventia.app-new\\server\\src\\utils\\securityHeaders.js": {"path":"C:\\Loventia.app-new\\server\\src\\utils\\securityHeaders.js","statementMap":{"0":{"start":{"line":13,"column":0},"end":{"line":52,"column":2}},"1":{"start":{"line":15,"column":2},"end":{"line":24,"column":4}},"2":{"start":{"line":29,"column":2},"end":{"line":29,"column":84}},"3":{"start":{"line":33,"column":2},"end":{"line":33,"column":53}},"4":{"start":{"line":37,"column":2},"end":{"line":37,"column":43}},"5":{"start":{"line":41,"column":2},"end":{"line":41,"column":50}},"6":{"start":{"line":45,"column":2},"end":{"line":48,"column":4}},"7":{"start":{"line":51,"column":2},"end":{"line":51,"column":9}}},"fnMap":{"0":{"name":"securityHeaders","decl":{"start":{"line":13,"column":26},"end":{"line":13,"column":41}},"loc":{"start":{"line":13,"column":58},"end":{"line":52,"column":1}},"line":13}},"branchMap":{},"s":{"0":1,"1":4,"2":4,"3":4,"4":4,"5":4,"6":4,"7":4},"f":{"0":4},"b":{},"_coverageSchema":"1a1c01bbd47fc00a2c39e90264f33305004495a9","hash":"7295d607bb3297a5769c19f6fee7e1891f4a9ff2"}
,"C:\\Loventia.app-new\\server\\src\\validators\\authValidator.js": {"path":"C:\\Loventia.app-new\\server\\src\\validators\\authValidator.js","statementMap":{"0":{"start":{"line":12,"column":2},"end":{"line":12,"column":53}},"1":{"start":{"line":16,"column":2},"end":{"line":16,"column":46}},"2":{"start":{"line":16,"column":33},"end":{"line":16,"column":46}},"3":{"start":{"line":18,"column":2},"end":{"line":18,"column":50}},"4":{"start":{"line":22,"column":2},"end":{"line":22,"column":79}},"5":{"start":{"line":22,"column":50},"end":{"line":22,"column":72}},"6":{"start":{"line":25,"column":20},"end":{"line":40,"column":1}},"7":{"start":{"line":27,"column":17},"end":{"line":27,"column":32}},"8":{"start":{"line":28,"column":19},"end":{"line":28,"column":21}},"9":{"start":{"line":30,"column":4},"end":{"line":32,"column":5}},"10":{"start":{"line":31,"column":6},"end":{"line":31,"column":74}},"11":{"start":{"line":33,"column":4},"end":{"line":35,"column":5}},"12":{"start":{"line":34,"column":6},"end":{"line":34,"column":82}},"13":{"start":{"line":37,"column":4},"end":{"line":37,"column":48}},"14":{"start":{"line":37,"column":23},"end":{"line":37,"column":48}},"15":{"start":{"line":38,"column":4},"end":{"line":38,"column":85}},"16":{"start":{"line":42,"column":23},"end":{"line":69,"column":1}},"17":{"start":{"line":44,"column":17},"end":{"line":44,"column":32}},"18":{"start":{"line":45,"column":19},"end":{"line":45,"column":21}},"19":{"start":{"line":47,"column":4},"end":{"line":49,"column":5}},"20":{"start":{"line":48,"column":6},"end":{"line":48,"column":74}},"21":{"start":{"line":50,"column":4},"end":{"line":52,"column":5}},"22":{"start":{"line":51,"column":6},"end":{"line":51,"column":82}},"23":{"start":{"line":54,"column":4},"end":{"line":56,"column":5}},"24":{"start":{"line":55,"column":6},"end":{"line":55,"column":68}},"25":{"start":{"line":58,"column":4},"end":{"line":58,"column":48}},"26":{"start":{"line":58,"column":23},"end":{"line":58,"column":48}},"27":{"start":{"line":60,"column":18},"end":{"line":63,"column":5}},"28":{"start":{"line":64,"column":4},"end":{"line":66,"column":5}},"29":{"start":{"line":65,"column":6},"end":{"line":65,"column":36}},"30":{"start":{"line":67,"column":4},"end":{"line":67,"column":21}},"31":{"start":{"line":71,"column":0},"end":{"line":71,"column":49}}},"fnMap":{"0":{"name":"normalize","decl":{"start":{"line":11,"column":9},"end":{"line":11,"column":18}},"loc":{"start":{"line":11,"column":24},"end":{"line":13,"column":1}},"line":11},"1":{"name":"isValidEmail","decl":{"start":{"line":15,"column":9},"end":{"line":15,"column":21}},"loc":{"start":{"line":15,"column":29},"end":{"line":19,"column":1}},"line":15},"2":{"name":"makeError","decl":{"start":{"line":21,"column":9},"end":{"line":21,"column":18}},"loc":{"start":{"line":21,"column":29},"end":{"line":23,"column":1}},"line":21},"3":{"name":"(anonymous_3)","decl":{"start":{"line":22,"column":42},"end":{"line":22,"column":43}},"loc":{"start":{"line":22,"column":50},"end":{"line":22,"column":72}},"line":22},"4":{"name":"(anonymous_4)","decl":{"start":{"line":26,"column":2},"end":{"line":26,"column":3}},"loc":{"start":{"line":26,"column":17},"end":{"line":39,"column":3}},"line":26},"5":{"name":"(anonymous_5)","decl":{"start":{"line":43,"column":2},"end":{"line":43,"column":3}},"loc":{"start":{"line":43,"column":17},"end":{"line":68,"column":3}},"line":43}},"branchMap":{"0":{"loc":{"start":{"line":12,"column":9},"end":{"line":12,"column":52}},"type":"cond-expr","locations":[{"start":{"line":12,"column":44},"end":{"line":12,"column":47}},{"start":{"line":12,"column":50},"end":{"line":12,"column":52}}],"line":12},"1":{"loc":{"start":{"line":12,"column":10},"end":{"line":12,"column":40}},"type":"binary-expr","locations":[{"start":{"line":12,"column":10},"end":{"line":12,"column":13}},{"start":{"line":12,"column":17},"end":{"line":12,"column":40}}],"line":12},"2":{"loc":{"start":{"line":16,"column":2},"end":{"line":16,"column":46}},"type":"if","locations":[{"start":{"line":16,"column":2},"end":{"line":16,"column":46}},{"start":{},"end":{}}],"line":16},"3":{"loc":{"start":{"line":30,"column":4},"end":{"line":32,"column":5}},"type":"if","locations":[{"start":{"line":30,"column":4},"end":{"line":32,"column":5}},{"start":{},"end":{}}],"line":30},"4":{"loc":{"start":{"line":30,"column":8},"end":{"line":30,"column":48}},"type":"binary-expr","locations":[{"start":{"line":30,"column":8},"end":{"line":30,"column":19}},{"start":{"line":30,"column":23},"end":{"line":30,"column":48}}],"line":30},"5":{"loc":{"start":{"line":33,"column":4},"end":{"line":35,"column":5}},"type":"if","locations":[{"start":{"line":33,"column":4},"end":{"line":35,"column":5}},{"start":{},"end":{}}],"line":33},"6":{"loc":{"start":{"line":33,"column":8},"end":{"line":33,"column":58}},"type":"binary-expr","locations":[{"start":{"line":33,"column":8},"end":{"line":33,"column":22}},{"start":{"line":33,"column":26},"end":{"line":33,"column":58}}],"line":33},"7":{"loc":{"start":{"line":37,"column":4},"end":{"line":37,"column":48}},"type":"if","locations":[{"start":{"line":37,"column":4},"end":{"line":37,"column":48}},{"start":{},"end":{}}],"line":37},"8":{"loc":{"start":{"line":47,"column":4},"end":{"line":49,"column":5}},"type":"if","locations":[{"start":{"line":47,"column":4},"end":{"line":49,"column":5}},{"start":{},"end":{}}],"line":47},"9":{"loc":{"start":{"line":47,"column":8},"end":{"line":47,"column":48}},"type":"binary-expr","locations":[{"start":{"line":47,"column":8},"end":{"line":47,"column":19}},{"start":{"line":47,"column":23},"end":{"line":47,"column":48}}],"line":47},"10":{"loc":{"start":{"line":50,"column":4},"end":{"line":52,"column":5}},"type":"if","locations":[{"start":{"line":50,"column":4},"end":{"line":52,"column":5}},{"start":{},"end":{}}],"line":50},"11":{"loc":{"start":{"line":50,"column":8},"end":{"line":50,"column":58}},"type":"binary-expr","locations":[{"start":{"line":50,"column":8},"end":{"line":50,"column":22}},{"start":{"line":50,"column":26},"end":{"line":50,"column":58}}],"line":50},"12":{"loc":{"start":{"line":54,"column":4},"end":{"line":56,"column":5}},"type":"if","locations":[{"start":{"line":54,"column":4},"end":{"line":56,"column":5}},{"start":{},"end":{}}],"line":54},"13":{"loc":{"start":{"line":54,"column":8},"end":{"line":54,"column":93}},"type":"binary-expr","locations":[{"start":{"line":54,"column":8},"end":{"line":54,"column":31}},{"start":{"line":54,"column":36},"end":{"line":54,"column":65}},{"start":{"line":54,"column":69},"end":{"line":54,"column":92}}],"line":54},"14":{"loc":{"start":{"line":58,"column":4},"end":{"line":58,"column":48}},"type":"if","locations":[{"start":{"line":58,"column":4},"end":{"line":58,"column":48}},{"start":{},"end":{}}],"line":58},"15":{"loc":{"start":{"line":64,"column":4},"end":{"line":66,"column":5}},"type":"if","locations":[{"start":{"line":64,"column":4},"end":{"line":66,"column":5}},{"start":{},"end":{}}],"line":64},"16":{"loc":{"start":{"line":64,"column":8},"end":{"line":64,"column":64}},"type":"binary-expr","locations":[{"start":{"line":64,"column":8},"end":{"line":64,"column":37}},{"start":{"line":64,"column":41},"end":{"line":64,"column":64}}],"line":64}},"s":{"0":0,"1":0,"2":0,"3":0,"4":0,"5":0,"6":1,"7":0,"8":0,"9":0,"10":0,"11":0,"12":0,"13":0,"14":0,"15":0,"16":1,"17":0,"18":0,"19":0,"20":0,"21":0,"22":0,"23":0,"24":0,"25":0,"26":0,"27":0,"28":0,"29":0,"30":0,"31":1},"f":{"0":0,"1":0,"2":0,"3":0,"4":0,"5":0},"b":{"0":[0,0],"1":[0,0],"2":[0,0],"3":[0,0],"4":[0,0],"5":[0,0],"6":[0,0],"7":[0,0],"8":[0,0],"9":[0,0],"10":[0,0],"11":[0,0],"12":[0,0],"13":[0,0,0],"14":[0,0],"15":[0,0],"16":[0,0]},"_coverageSchema":"1a1c01bbd47fc00a2c39e90264f33305004495a9","hash":"649fc34fee14ddb65524fd4a42735c74d61f4a95"}
}
