TN:
SF:server\models\Message.js
FNF:0
FNH:0
DA:4,1
DA:7,1
DA:20,1
DA:21,1
DA:23,1
DA:26,1
LF:6
LH:6
BRF:0
BRH:0
end_of_record
TN:
SF:server\models\User.js
FN:52,(anonymous_0)
FN:67,(anonymous_1)
FNF:2
FNH:0
FNDA:0,(anonymous_0)
FNDA:0,(anonymous_1)
DA:4,1
DA:5,1
DA:8,1
DA:52,1
DA:53,0
DA:54,0
DA:56,0
DA:67,1
DA:68,0
DA:70,0
DA:71,0
DA:73,0
DA:74,0
DA:76,0
DA:77,0
DA:78,0
DA:79,0
DA:83,0
DA:84,0
DA:87,0
DA:93,1
DA:94,1
DA:96,1
DA:99,1
LF:24
LH:9
BRDA:54,0,0,0
BRDA:54,0,1,0
BRDA:68,1,0,0
BRDA:68,1,1,0
BRDA:68,2,0,0
BRDA:68,2,1,0
BRDA:71,3,0,0
BRDA:71,3,1,0
BRDA:73,4,0,0
BRDA:73,4,1,0
BRDA:76,5,0,0
BRDA:76,5,1,0
BRDA:78,6,0,0
BRDA:78,6,1,0
BRDA:83,7,0,0
BRDA:83,7,1,0
BRF:16
BRH:0
end_of_record
TN:
SF:server\src\app.js
FN:49,authenticate
FN:96,(anonymous_1)
FN:97,(anonymous_2)
FN:111,(anonymous_3)
FN:115,(anonymous_4)
FN:125,(anonymous_5)
FN:139,(anonymous_6)
FN:165,tryRequireRoute
FN:187,(anonymous_8)
FN:190,(anonymous_9)
FN:212,(anonymous_10)
FN:230,(anonymous_11)
FN:321,(anonymous_12)
FN:326,(anonymous_13)
FN:334,(anonymous_14)
FN:339,(anonymous_15)
FN:352,(anonymous_16)
FNF:17
FNH:6
FNDA:0,authenticate
FNDA:0,(anonymous_1)
FNDA:0,(anonymous_2)
FNDA:0,(anonymous_3)
FNDA:0,(anonymous_4)
FNDA:4,(anonymous_5)
FNDA:0,(anonymous_6)
FNDA:0,tryRequireRoute
FNDA:1,(anonymous_8)
FNDA:1,(anonymous_9)
FNDA:1,(anonymous_10)
FNDA:1,(anonymous_11)
FNDA:0,(anonymous_12)
FNDA:0,(anonymous_13)
FNDA:1,(anonymous_14)
FNDA:0,(anonymous_15)
FNDA:0,(anonymous_16)
DA:2,1
DA:3,1
DA:6,1
DA:7,1
DA:10,1
DA:13,1
DA:14,1
DA:17,1
DA:21,1
DA:25,1
DA:26,1
DA:30,1
DA:31,1
DA:37,1
DA:42,1
DA:43,1
DA:45,1
DA:50,0
DA:51,0
DA:52,0
DA:53,0
DA:55,0
DA:62,1
DA:63,1
DA:66,1
DA:70,1
DA:79,1
DA:80,1
DA:82,1
DA:83,1
DA:84,1
DA:85,1
DA:87,0
DA:91,1
DA:92,0
DA:96,0
DA:98,0
DA:101,1
DA:102,1
DA:103,0
DA:104,0
DA:110,1
DA:111,1
DA:112,1
DA:115,0
DA:119,1
DA:122,1
DA:123,1
DA:124,1
DA:125,4
DA:127,1
DA:131,1
DA:132,1
DA:135,1
DA:136,1
DA:139,1
DA:140,0
DA:145,0
DA:149,1
DA:151,0
DA:152,0
DA:155,0
DA:156,0
DA:158,1
DA:162,1
DA:166,0
DA:167,0
DA:169,0
DA:170,0
DA:172,0
DA:173,0
DA:180,1
DA:181,1
DA:182,1
DA:184,1
DA:185,1
DA:187,1
DA:190,1
DA:191,1
DA:192,1
DA:193,1
DA:195,1
DA:200,1
DA:202,1
DA:208,1
DA:212,1
DA:213,1
DA:214,1
DA:216,1
DA:217,1
DA:218,1
DA:223,1
DA:225,0
DA:230,1
DA:231,1
DA:232,1
DA:235,1
DA:239,0
DA:245,0
DA:246,0
DA:253,0
DA:257,0
DA:262,1
DA:263,0
DA:267,0
DA:274,0
DA:278,0
DA:285,0
DA:289,0
DA:296,0
DA:300,0
DA:307,0
DA:311,0
DA:321,1
DA:322,0
DA:326,1
DA:327,0
DA:328,0
DA:330,0
DA:334,1
DA:335,1
DA:339,1
DA:340,0
DA:341,0
DA:346,1
DA:347,1
DA:349,1
DA:350,0
DA:351,0
DA:352,0
DA:353,0
DA:356,1
DA:360,1
LF:133
LH:83
BRDA:52,0,0,0
BRDA:52,0,1,0
BRDA:52,0,2,0
BRDA:52,0,3,0
BRDA:84,1,0,1
BRDA:84,1,1,0
BRDA:91,2,0,0
BRDA:91,2,1,1
BRDA:91,3,0,1
BRDA:91,3,1,0
BRDA:101,4,0,1
BRDA:101,4,1,0
BRDA:103,5,0,0
BRDA:103,5,1,0
BRDA:149,6,0,0
BRDA:149,6,1,1
BRDA:180,7,0,1
BRDA:180,7,1,0
BRDA:184,8,0,1
BRDA:184,8,1,0
BRDA:185,9,0,1
BRDA:185,9,1,0
BRDA:191,10,0,1
BRDA:191,10,1,0
BRDA:213,11,0,1
BRDA:213,11,1,1
BRDA:214,12,0,0
BRDA:214,12,1,1
BRDA:219,13,0,1
BRDA:219,13,1,0
BRDA:219,14,0,1
BRDA:219,14,1,0
BRDA:245,15,0,0
BRDA:245,15,1,0
BRDA:245,16,0,0
BRDA:245,16,1,0
BRDA:262,17,0,0
BRDA:262,17,1,1
BRDA:327,18,0,0
BRDA:327,18,1,0
BRDA:327,19,0,0
BRDA:327,19,1,0
BRDA:340,20,0,0
BRDA:340,20,1,0
BRDA:340,21,0,0
BRDA:340,21,1,0
BRDA:347,22,0,1
BRDA:347,22,1,1
BRDA:349,23,0,0
BRDA:349,23,1,1
BRF:50
BRH:18
end_of_record
TN:
SF:server\src\swagger-config.js
FNF:0
FNH:0
DA:1,1
DA:2,1
DA:3,1
DA:6,1
DA:11,1
LF:5
LH:5
BRF:0
BRH:0
end_of_record
TN:
SF:server\src\api\controllers\authController.js
FN:19,login
FN:63,refreshToken
FN:70,(anonymous_2)
FN:105,logout
FNF:4
FNH:0
FNDA:0,login
FNDA:0,refreshToken
FNDA:0,(anonymous_2)
FNDA:0,logout
DA:6,1
DA:7,1
DA:10,1
DA:13,1
DA:20,0
DA:21,0
DA:24,0
DA:25,0
DA:26,0
DA:30,0
DA:37,0
DA:44,0
DA:46,0
DA:55,0
DA:64,0
DA:65,0
DA:66,0
DA:67,0
DA:70,0
DA:71,0
DA:72,0
DA:76,0
DA:83,0
DA:84,0
DA:89,0
DA:94,0
DA:97,0
DA:106,0
DA:107,0
DA:110,1
LF:30
LH:5
BRDA:25,0,0,0
BRDA:25,0,1,0
BRDA:31,1,0,0
BRDA:31,1,1,0
BRDA:38,2,0,0
BRDA:38,2,1,0
BRDA:49,3,0,0
BRDA:49,3,1,0
BRDA:66,4,0,0
BRDA:66,4,1,0
BRDA:71,5,0,0
BRDA:71,5,1,0
BRF:12
BRH:0
end_of_record
TN:
SF:server\src\config\corsConfig.js
FN:16,(anonymous_0)
FNF:1
FNH:1
FNDA:4,(anonymous_0)
DA:4,1
DA:7,1
DA:15,1
DA:18,4
DA:19,4
DA:21,0
DA:31,1
LF:7
LH:6
BRDA:8,0,0,1
BRDA:8,0,1,1
BRDA:18,1,0,4
BRDA:18,1,1,0
BRDA:18,2,0,4
BRDA:18,2,1,0
BRF:6
BRH:4
end_of_record
TN:
SF:server\src\middleware\httpsRedirect.js
FN:20,httpsRedirect
FNF:1
FNH:1
FNDA:4,httpsRedirect
DA:13,1
DA:15,1
DA:18,1
DA:20,1
DA:21,4
DA:22,4
DA:24,4
DA:28,0
DA:29,0
DA:33,0
DA:34,0
DA:36,0
DA:37,0
DA:41,0
DA:43,0
DA:45,0
DA:52,0
DA:55,0
LF:18
LH:7
BRDA:22,0,0,4
BRDA:22,0,1,0
BRDA:28,1,0,0
BRDA:28,1,1,0
BRDA:33,2,0,0
BRDA:33,2,1,0
BRDA:34,3,0,0
BRDA:34,3,1,0
BRDA:36,4,0,0
BRDA:36,4,1,0
BRDA:43,5,0,0
BRDA:43,5,1,0
BRDA:48,6,0,0
BRDA:48,6,1,0
BRDA:48,6,2,0
BRF:15
BRH:1
end_of_record
TN:
SF:server\src\middleware\roleAuthorization.js
FN:7,authorizeRoles
FN:16,(anonymous_1)
FN:19,(anonymous_2)
FNF:3
FNH:0
FNDA:0,authorizeRoles
FNDA:0,(anonymous_1)
FNDA:0,(anonymous_2)
DA:7,1
DA:10,0
DA:11,0
DA:15,0
DA:16,0
DA:19,0
DA:20,0
DA:21,0
DA:22,0
DA:23,0
DA:25,0
DA:26,0
DA:28,0
DA:30,0
LF:14
LH:1
BRDA:10,0,0,0
BRDA:10,0,1,0
BRDA:10,1,0,0
BRDA:10,1,1,0
BRDA:15,2,0,0
BRDA:15,2,1,0
BRDA:21,3,0,0
BRDA:21,3,1,0
BRDA:22,4,0,0
BRDA:22,4,1,0
BRDA:25,5,0,0
BRDA:25,5,1,0
BRF:12
BRH:0
end_of_record
TN:
SF:server\src\middleware\sqlSanitizer.js
FN:13,stripDangerousTokens
FN:35,sanitizeValue
FN:42,sanitizeObject
FN:50,sqlSanitizer
FNF:4
FNH:4
FNDA:2,stripDangerousTokens
FNDA:2,sanitizeValue
FNDA:12,sanitizeObject
FNDA:4,sqlSanitizer
DA:8,1
DA:14,2
DA:16,2
DA:19,4
DA:22,2
DA:25,2
DA:26,2
DA:29,2
DA:30,2
DA:32,2
DA:36,2
DA:37,2
DA:38,2
DA:39,2
DA:43,12
DA:44,12
DA:45,2
DA:47,12
DA:50,1
DA:51,4
DA:52,4
DA:53,4
DA:55,4
DA:56,4
DA:58,4
DA:59,4
DA:63,0
DA:65,4
LF:28
LH:27
BRDA:14,0,0,0
BRDA:14,0,1,2
BRDA:36,1,0,0
BRDA:36,1,1,2
BRDA:37,2,0,0
BRDA:37,2,1,2
BRDA:38,3,0,0
BRDA:38,3,1,2
BRDA:43,4,0,0
BRDA:43,4,1,12
BRDA:52,5,0,4
BRDA:52,5,1,0
BRDA:52,6,0,4
BRDA:52,6,1,4
BRDA:55,7,0,4
BRDA:55,7,1,0
BRDA:55,8,0,4
BRDA:55,8,1,4
BRDA:58,9,0,4
BRDA:58,9,1,0
BRDA:58,10,0,4
BRDA:58,10,1,4
BRDA:63,11,0,0
BRDA:63,11,1,0
BRDA:63,12,0,0
BRDA:63,12,1,0
BRF:26
BRH:14
end_of_record
TN:
SF:server\src\middleware\validateRequest.js
FN:12,validateBody
FN:13,(anonymous_1)
FN:23,(anonymous_2)
FNF:3
FNH:0
FNDA:0,validateBody
FNDA:0,(anonymous_1)
FNDA:0,(anonymous_2)
DA:13,0
DA:14,0
DA:15,0
DA:18,0
DA:20,0
DA:21,0
DA:22,0
DA:23,0
DA:25,0
DA:31,0
DA:32,0
DA:34,0
DA:37,0
DA:42,1
LF:14
LH:1
BRDA:15,0,0,0
BRDA:15,0,1,0
BRDA:15,1,0,0
BRDA:15,1,1,0
BRDA:21,2,0,0
BRDA:21,2,1,0
BRDA:21,3,0,0
BRDA:21,3,1,0
BRDA:22,4,0,0
BRDA:22,4,1,0
BRDA:23,5,0,0
BRDA:23,5,1,0
BRDA:23,6,0,0
BRDA:23,6,1,0
BRDA:31,7,0,0
BRDA:31,7,1,0
BRDA:31,8,0,0
BRDA:31,8,1,0
BRF:18
BRH:0
end_of_record
TN:
SF:server\src\middleware\xssSanitizer.js
FN:8,sanitizeString
FN:27,sanitizeValue
FN:34,sanitizeObject
FN:42,xssSanitizer
FNF:4
FNH:4
FNDA:2,sanitizeString
FNDA:2,sanitizeValue
FNDA:12,sanitizeObject
FNDA:4,xssSanitizer
DA:9,2
DA:12,2
DA:15,2
DA:18,2
DA:19,2
DA:22,2
DA:24,2
DA:28,2
DA:29,2
DA:30,2
DA:31,2
DA:35,12
DA:36,12
DA:37,2
DA:39,12
DA:42,1
DA:43,4
DA:44,4
DA:45,4
DA:47,4
DA:48,4
DA:50,4
DA:51,4
DA:56,0
DA:58,4
LF:25
LH:24
BRDA:9,0,0,0
BRDA:9,0,1,2
BRDA:28,1,0,0
BRDA:28,1,1,2
BRDA:29,2,0,0
BRDA:29,2,1,2
BRDA:30,3,0,0
BRDA:30,3,1,2
BRDA:35,4,0,0
BRDA:35,4,1,12
BRDA:44,5,0,4
BRDA:44,5,1,0
BRDA:44,6,0,4
BRDA:44,6,1,4
BRDA:47,7,0,4
BRDA:47,7,1,0
BRDA:47,8,0,4
BRDA:47,8,1,4
BRDA:50,9,0,4
BRDA:50,9,1,0
BRDA:50,10,0,4
BRDA:50,10,1,4
BRDA:56,11,0,0
BRDA:56,11,1,0
BRDA:56,12,0,0
BRDA:56,12,1,0
BRF:26
BRH:14
end_of_record
TN:
SF:server\src\utils\alertRules.js
FN:21,sendSlackNotification
FN:45,sendEmailNotification
FN:50,(anonymous_2)
FN:65,checkThreshold
FNF:4
FNH:0
FNDA:0,sendSlackNotification
FNDA:0,sendEmailNotification
FNDA:0,(anonymous_2)
FNDA:0,checkThreshold
DA:4,1
DA:5,1
DA:14,1
DA:22,0
DA:23,0
DA:24,0
DA:26,0
DA:33,1
DA:46,0
DA:47,0
DA:48,0
DA:50,0
DA:55,0
DA:66,0
DA:67,0
DA:68,0
DA:69,0
DA:70,0
DA:75,1
LF:19
LH:5
BRDA:22,0,0,0
BRDA:22,0,1,0
BRDA:46,1,0,0
BRDA:46,1,1,0
BRDA:66,2,0,0
BRDA:66,2,1,0
BRF:6
BRH:0
end_of_record
TN:
SF:server\src\utils\cookieOptions.js
FNF:0
FNH:0
DA:10,1
DA:11,1
DA:17,1
DA:25,1
LF:4
LH:4
BRDA:11,0,0,1
BRDA:11,0,1,1
BRDA:20,1,0,0
BRDA:20,1,1,1
BRDA:22,2,0,0
BRDA:22,2,1,1
BRF:6
BRH:4
end_of_record
TN:
SF:server\src\utils\securityHeaders.js
FN:13,securityHeaders
FNF:1
FNH:1
FNDA:4,securityHeaders
DA:13,1
DA:15,4
DA:29,4
DA:33,4
DA:37,4
DA:41,4
DA:45,4
DA:51,4
LF:8
LH:8
BRF:0
BRH:0
end_of_record
TN:
SF:server\src\validators\authValidator.js
FN:11,normalize
FN:15,isValidEmail
FN:21,makeError
FN:22,(anonymous_3)
FN:26,(anonymous_4)
FN:43,(anonymous_5)
FNF:6
FNH:0
FNDA:0,normalize
FNDA:0,isValidEmail
FNDA:0,makeError
FNDA:0,(anonymous_3)
FNDA:0,(anonymous_4)
FNDA:0,(anonymous_5)
DA:12,0
DA:16,0
DA:18,0
DA:22,0
DA:25,1
DA:27,0
DA:28,0
DA:30,0
DA:31,0
DA:33,0
DA:34,0
DA:37,0
DA:38,0
DA:42,1
DA:44,0
DA:45,0
DA:47,0
DA:48,0
DA:50,0
DA:51,0
DA:54,0
DA:55,0
DA:58,0
DA:60,0
DA:64,0
DA:65,0
DA:67,0
DA:71,1
LF:28
LH:3
BRDA:12,0,0,0
BRDA:12,0,1,0
BRDA:12,1,0,0
BRDA:12,1,1,0
BRDA:16,2,0,0
BRDA:16,2,1,0
BRDA:30,3,0,0
BRDA:30,3,1,0
BRDA:30,4,0,0
BRDA:30,4,1,0
BRDA:33,5,0,0
BRDA:33,5,1,0
BRDA:33,6,0,0
BRDA:33,6,1,0
BRDA:37,7,0,0
BRDA:37,7,1,0
BRDA:47,8,0,0
BRDA:47,8,1,0
BRDA:47,9,0,0
BRDA:47,9,1,0
BRDA:50,10,0,0
BRDA:50,10,1,0
BRDA:50,11,0,0
BRDA:50,11,1,0
BRDA:54,12,0,0
BRDA:54,12,1,0
BRDA:54,13,0,0
BRDA:54,13,1,0
BRDA:54,13,2,0
BRDA:58,14,0,0
BRDA:58,14,1,0
BRDA:64,15,0,0
BRDA:64,15,1,0
BRDA:64,16,0,0
BRDA:64,16,1,0
BRF:35
BRH:0
end_of_record
